DEB [20191013-20:50:42.110] thr=1   paramiko.transport: starting thread (client mode): 0x822e9dc8
DEB [20191013-20:50:42.180] thr=1   paramiko.transport: Local version/idstring: SSH-2.0-paramiko_2.6.0
DEB [20191013-20:50:42.223] thr=1   paramiko.transport: Remote version/idstring: SSH-2.0-OpenSSH_6.6.1p1 Ubuntu-2ubuntu2.10
INF [20191013-20:50:42.224] thr=1   paramiko.transport: Connected (version 2.0, client OpenSSH_6.6.1p1)
DEB [20191013-20:50:42.377] thr=1   paramiko.transport: kex algos:['curve25519-sha256@libssh.org', 'ecdh-sha2-nistp256', 'ecdh-sha2-nistp384', 'ecdh-sha2-nistp521', 'diffie-hellman-group-exchange-sha256', 'diffie-hellman-group-exchange-sha1', 'diffie-hellman-group14-sha1', 'diffie-hellman-group1-sha1'] server key:['ssh-rsa', 'ssh-dss', 'ecdsa-sha2-nistp256', 'ssh-ed25519'] client encrypt:['aes128-ctr', 'aes192-ctr', 'aes256-ctr', 'arcfour256', 'arcfour128', 'aes128-gcm@openssh.com', 'aes256-gcm@openssh.com', 'chacha20-poly1305@openssh.com', 'aes128-cbc', '3des-cbc', 'blowfish-cbc', 'cast128-cbc', 'aes192-cbc', 'aes256-cbc', 'arcfour', 'rijndael-cbc@lysator.liu.se'] server encrypt:['aes128-ctr', 'aes192-ctr', 'aes256-ctr', 'arcfour256', 'arcfour128', 'aes128-gcm@openssh.com', 'aes256-gcm@openssh.com', 'chacha20-poly1305@openssh.com', 'aes128-cbc', '3des-cbc', 'blowfish-cbc', 'cast128-cbc', 'aes192-cbc', 'aes256-cbc', 'arcfour', 'rijndael-cbc@lysator.liu.se'] client mac:['hmac-md5-etm@openssh.com', 'hmac-sha1-etm@openssh.com', 'umac-64-etm@openssh.com', 'umac-128-etm@openssh.com', 'hmac-sha2-256-etm@openssh.com', 'hmac-sha2-512-etm@openssh.com', 'hmac-ripemd160-etm@openssh.com', 'hmac-sha1-96-etm@openssh.com', 'hmac-md5-96-etm@openssh.com', 'hmac-md5', 'hmac-sha1', 'umac-64@openssh.com', 'umac-128@openssh.com', 'hmac-sha2-256', 'hmac-sha2-512', 'hmac-ripemd160', 'hmac-ripemd160@openssh.com', 'hmac-sha1-96', 'hmac-md5-96'] server mac:['hmac-md5-etm@openssh.com', 'hmac-sha1-etm@openssh.com', 'umac-64-etm@openssh.com', 'umac-128-etm@openssh.com', 'hmac-sha2-256-etm@openssh.com', 'hmac-sha2-512-etm@openssh.com', 'hmac-ripemd160-etm@openssh.com', 'hmac-sha1-96-etm@openssh.com', 'hmac-md5-96-etm@openssh.com', 'hmac-md5', 'hmac-sha1', 'umac-64@openssh.com', 'umac-128@openssh.com', 'hmac-sha2-256', 'hmac-sha2-512', 'hmac-ripemd160', 'hmac-ripemd160@openssh.com', 'hmac-sha1-96', 'hmac-md5-96'] client compress:['none', 'zlib@openssh.com'] server compress:['none', 'zlib@openssh.com'] client lang:[''] server lang:[''] kex follows?False
DEB [20191013-20:50:42.380] thr=1   paramiko.transport: Kex agreed: curve25519-sha256@libssh.org
DEB [20191013-20:50:42.382] thr=1   paramiko.transport: HostKey agreed: ssh-ed25519
DEB [20191013-20:50:42.383] thr=1   paramiko.transport: Cipher agreed: aes128-ctr
DEB [20191013-20:50:42.384] thr=1   paramiko.transport: MAC agreed: hmac-sha2-256
DEB [20191013-20:50:42.385] thr=1   paramiko.transport: Compression agreed: none
DEB [20191013-20:50:42.563] thr=1   paramiko.transport: kex engine KexCurve25519 specified hash_algo <built-in function openssl_sha256>
DEB [20191013-20:50:42.565] thr=1   paramiko.transport: Switch to new keys ...
DEB [20191013-20:50:42.566] thr=2   paramiko.transport: Attempting password auth...
DEB [20191013-20:50:42.825] thr=1   paramiko.transport: userauth is OK
INF [20191013-20:50:42.973] thr=1   paramiko.transport: Authentication (password) successful!
DEB [20191013-20:50:42.976] thr=2   paramiko.transport: [chan 0] Max packet in: 32768 bytes
DEB [20191013-20:50:43.098] thr=1   paramiko.transport: [chan 0] Max packet out: 32768 bytes
DEB [20191013-20:50:43.099] thr=1   paramiko.transport: Secsh channel 0 opened.
DEB [20191013-20:50:43.209] thr=1   paramiko.transport: [chan 0] Sesch channel 0 request ok
INF [20191013-20:50:43.324] thr=2   paramiko.transport.sftp: [chan 0] Opened sftp connection (server version 3)
DEB [20191013-20:50:43.327] thr=2   paramiko.transport: [chan 1] Max packet in: 32768 bytes
DEB [20191013-20:50:43.464] thr=1   paramiko.transport: [chan 1] Max packet out: 32768 bytes
DEB [20191013-20:50:43.464] thr=1   paramiko.transport: Secsh channel 1 opened.
DEB [20191013-20:50:43.587] thr=1   paramiko.transport: [chan 1] Sesch channel 1 request ok
DEB [20191013-20:50:43.588] thr=2   paramiko.transport: [chan 1] EOF sent (1)
DEB [20191013-20:50:43.709] thr=1   paramiko.transport: [chan 1] EOF received (1)
DEB [20191013-20:50:43.971] thr=1   paramiko.transport: EOF in transport thread
DEB [20191013-20:52:49.329] thr=1   paramiko.transport: starting thread (client mode): 0x74a66bc8
DEB [20191013-20:52:49.330] thr=1   paramiko.transport: Local version/idstring: SSH-2.0-paramiko_2.6.0
DEB [20191013-20:52:49.452] thr=1   paramiko.transport: Remote version/idstring: SSH-2.0-OpenSSH_6.6.1p1 Ubuntu-2ubuntu2.10
INF [20191013-20:52:49.452] thr=1   paramiko.transport: Connected (version 2.0, client OpenSSH_6.6.1p1)
DEB [20191013-20:52:49.567] thr=1   paramiko.transport: kex algos:['curve25519-sha256@libssh.org', 'ecdh-sha2-nistp256', 'ecdh-sha2-nistp384', 'ecdh-sha2-nistp521', 'diffie-hellman-group-exchange-sha256', 'diffie-hellman-group-exchange-sha1', 'diffie-hellman-group14-sha1', 'diffie-hellman-group1-sha1'] server key:['ssh-rsa', 'ssh-dss', 'ecdsa-sha2-nistp256', 'ssh-ed25519'] client encrypt:['aes128-ctr', 'aes192-ctr', 'aes256-ctr', 'arcfour256', 'arcfour128', 'aes128-gcm@openssh.com', 'aes256-gcm@openssh.com', 'chacha20-poly1305@openssh.com', 'aes128-cbc', '3des-cbc', 'blowfish-cbc', 'cast128-cbc', 'aes192-cbc', 'aes256-cbc', 'arcfour', 'rijndael-cbc@lysator.liu.se'] server encrypt:['aes128-ctr', 'aes192-ctr', 'aes256-ctr', 'arcfour256', 'arcfour128', 'aes128-gcm@openssh.com', 'aes256-gcm@openssh.com', 'chacha20-poly1305@openssh.com', 'aes128-cbc', '3des-cbc', 'blowfish-cbc', 'cast128-cbc', 'aes192-cbc', 'aes256-cbc', 'arcfour', 'rijndael-cbc@lysator.liu.se'] client mac:['hmac-md5-etm@openssh.com', 'hmac-sha1-etm@openssh.com', 'umac-64-etm@openssh.com', 'umac-128-etm@openssh.com', 'hmac-sha2-256-etm@openssh.com', 'hmac-sha2-512-etm@openssh.com', 'hmac-ripemd160-etm@openssh.com', 'hmac-sha1-96-etm@openssh.com', 'hmac-md5-96-etm@openssh.com', 'hmac-md5', 'hmac-sha1', 'umac-64@openssh.com', 'umac-128@openssh.com', 'hmac-sha2-256', 'hmac-sha2-512', 'hmac-ripemd160', 'hmac-ripemd160@openssh.com', 'hmac-sha1-96', 'hmac-md5-96'] server mac:['hmac-md5-etm@openssh.com', 'hmac-sha1-etm@openssh.com', 'umac-64-etm@openssh.com', 'umac-128-etm@openssh.com', 'hmac-sha2-256-etm@openssh.com', 'hmac-sha2-512-etm@openssh.com', 'hmac-ripemd160-etm@openssh.com', 'hmac-sha1-96-etm@openssh.com', 'hmac-md5-96-etm@openssh.com', 'hmac-md5', 'hmac-sha1', 'umac-64@openssh.com', 'umac-128@openssh.com', 'hmac-sha2-256', 'hmac-sha2-512', 'hmac-ripemd160', 'hmac-ripemd160@openssh.com', 'hmac-sha1-96', 'hmac-md5-96'] client compress:['none', 'zlib@openssh.com'] server compress:['none', 'zlib@openssh.com'] client lang:[''] server lang:[''] kex follows?False
DEB [20191013-20:52:49.567] thr=1   paramiko.transport: Kex agreed: curve25519-sha256@libssh.org
DEB [20191013-20:52:49.568] thr=1   paramiko.transport: HostKey agreed: ssh-ed25519
DEB [20191013-20:52:49.568] thr=1   paramiko.transport: Cipher agreed: aes128-ctr
DEB [20191013-20:52:49.568] thr=1   paramiko.transport: MAC agreed: hmac-sha2-256
DEB [20191013-20:52:49.568] thr=1   paramiko.transport: Compression agreed: none
DEB [20191013-20:52:49.726] thr=1   paramiko.transport: kex engine KexCurve25519 specified hash_algo <built-in function openssl_sha256>
DEB [20191013-20:52:49.728] thr=1   paramiko.transport: Switch to new keys ...
DEB [20191013-20:52:49.730] thr=2   paramiko.transport: Attempting password auth...
DEB [20191013-20:52:49.979] thr=1   paramiko.transport: userauth is OK
INF [20191013-20:52:50.371] thr=1   paramiko.transport: Authentication (password) successful!
DEB [20191013-20:52:50.373] thr=2   paramiko.transport: [chan 0] Max packet in: 32768 bytes
DEB [20191013-20:52:50.483] thr=1   paramiko.transport: [chan 0] Max packet out: 32768 bytes
DEB [20191013-20:52:50.483] thr=1   paramiko.transport: Secsh channel 0 opened.
DEB [20191013-20:52:50.609] thr=1   paramiko.transport: [chan 0] Sesch channel 0 request ok
INF [20191013-20:52:50.732] thr=2   paramiko.transport.sftp: [chan 0] Opened sftp connection (server version 3)
DEB [20191013-20:52:50.737] thr=2   paramiko.transport: [chan 1] Max packet in: 32768 bytes
DEB [20191013-20:52:50.869] thr=1   paramiko.transport: [chan 1] Max packet out: 32768 bytes
DEB [20191013-20:52:50.869] thr=1   paramiko.transport: Secsh channel 1 opened.
DEB [20191013-20:52:50.989] thr=1   paramiko.transport: [chan 1] Sesch channel 1 request ok
DEB [20191013-20:52:50.990] thr=2   paramiko.transport: [chan 1] EOF sent (1)
DEB [20191013-20:52:51.108] thr=1   paramiko.transport: [chan 1] EOF received (1)
DEB [20191013-20:52:51.162] thr=1   paramiko.transport: EOF in transport thread
DEB [20191013-20:54:40.228] thr=1   paramiko.transport: starting thread (client mode): 0x6397d08
DEB [20191013-20:54:40.229] thr=1   paramiko.transport: Local version/idstring: SSH-2.0-paramiko_2.6.0
DEB [20191013-20:54:40.344] thr=1   paramiko.transport: Remote version/idstring: SSH-2.0-OpenSSH_6.6.1p1 Ubuntu-2ubuntu2.10
INF [20191013-20:54:40.344] thr=1   paramiko.transport: Connected (version 2.0, client OpenSSH_6.6.1p1)
DEB [20191013-20:54:40.456] thr=1   paramiko.transport: kex algos:['curve25519-sha256@libssh.org', 'ecdh-sha2-nistp256', 'ecdh-sha2-nistp384', 'ecdh-sha2-nistp521', 'diffie-hellman-group-exchange-sha256', 'diffie-hellman-group-exchange-sha1', 'diffie-hellman-group14-sha1', 'diffie-hellman-group1-sha1'] server key:['ssh-rsa', 'ssh-dss', 'ecdsa-sha2-nistp256', 'ssh-ed25519'] client encrypt:['aes128-ctr', 'aes192-ctr', 'aes256-ctr', 'arcfour256', 'arcfour128', 'aes128-gcm@openssh.com', 'aes256-gcm@openssh.com', 'chacha20-poly1305@openssh.com', 'aes128-cbc', '3des-cbc', 'blowfish-cbc', 'cast128-cbc', 'aes192-cbc', 'aes256-cbc', 'arcfour', 'rijndael-cbc@lysator.liu.se'] server encrypt:['aes128-ctr', 'aes192-ctr', 'aes256-ctr', 'arcfour256', 'arcfour128', 'aes128-gcm@openssh.com', 'aes256-gcm@openssh.com', 'chacha20-poly1305@openssh.com', 'aes128-cbc', '3des-cbc', 'blowfish-cbc', 'cast128-cbc', 'aes192-cbc', 'aes256-cbc', 'arcfour', 'rijndael-cbc@lysator.liu.se'] client mac:['hmac-md5-etm@openssh.com', 'hmac-sha1-etm@openssh.com', 'umac-64-etm@openssh.com', 'umac-128-etm@openssh.com', 'hmac-sha2-256-etm@openssh.com', 'hmac-sha2-512-etm@openssh.com', 'hmac-ripemd160-etm@openssh.com', 'hmac-sha1-96-etm@openssh.com', 'hmac-md5-96-etm@openssh.com', 'hmac-md5', 'hmac-sha1', 'umac-64@openssh.com', 'umac-128@openssh.com', 'hmac-sha2-256', 'hmac-sha2-512', 'hmac-ripemd160', 'hmac-ripemd160@openssh.com', 'hmac-sha1-96', 'hmac-md5-96'] server mac:['hmac-md5-etm@openssh.com', 'hmac-sha1-etm@openssh.com', 'umac-64-etm@openssh.com', 'umac-128-etm@openssh.com', 'hmac-sha2-256-etm@openssh.com', 'hmac-sha2-512-etm@openssh.com', 'hmac-ripemd160-etm@openssh.com', 'hmac-sha1-96-etm@openssh.com', 'hmac-md5-96-etm@openssh.com', 'hmac-md5', 'hmac-sha1', 'umac-64@openssh.com', 'umac-128@openssh.com', 'hmac-sha2-256', 'hmac-sha2-512', 'hmac-ripemd160', 'hmac-ripemd160@openssh.com', 'hmac-sha1-96', 'hmac-md5-96'] client compress:['none', 'zlib@openssh.com'] server compress:['none', 'zlib@openssh.com'] client lang:[''] server lang:[''] kex follows?False
DEB [20191013-20:54:40.456] thr=1   paramiko.transport: Kex agreed: curve25519-sha256@libssh.org
DEB [20191013-20:54:40.456] thr=1   paramiko.transport: HostKey agreed: ssh-ed25519
DEB [20191013-20:54:40.456] thr=1   paramiko.transport: Cipher agreed: aes128-ctr
DEB [20191013-20:54:40.456] thr=1   paramiko.transport: MAC agreed: hmac-sha2-256
DEB [20191013-20:54:40.457] thr=1   paramiko.transport: Compression agreed: none
DEB [20191013-20:54:40.625] thr=1   paramiko.transport: kex engine KexCurve25519 specified hash_algo <built-in function openssl_sha256>
DEB [20191013-20:54:40.626] thr=1   paramiko.transport: Switch to new keys ...
DEB [20191013-20:54:40.627] thr=2   paramiko.transport: Attempting password auth...
DEB [20191013-20:54:40.872] thr=1   paramiko.transport: userauth is OK
INF [20191013-20:54:41.009] thr=1   paramiko.transport: Authentication (password) successful!
DEB [20191013-20:54:41.012] thr=2   paramiko.transport: [chan 0] Max packet in: 32768 bytes
DEB [20191013-20:54:41.119] thr=1   paramiko.transport: [chan 0] Max packet out: 32768 bytes
DEB [20191013-20:54:41.120] thr=1   paramiko.transport: Secsh channel 0 opened.
DEB [20191013-20:54:41.248] thr=1   paramiko.transport: [chan 0] Sesch channel 0 request ok
INF [20191013-20:54:41.356] thr=2   paramiko.transport.sftp: [chan 0] Opened sftp connection (server version 3)
DEB [20191013-20:54:41.358] thr=2   paramiko.transport: [chan 1] Max packet in: 32768 bytes
DEB [20191013-20:54:41.473] thr=1   paramiko.transport: [chan 1] Max packet out: 32768 bytes
DEB [20191013-20:54:41.474] thr=1   paramiko.transport: Secsh channel 1 opened.
DEB [20191013-20:54:41.601] thr=1   paramiko.transport: [chan 1] Sesch channel 1 request ok
DEB [20191013-20:54:41.605] thr=2   paramiko.transport: [chan 1] EOF sent (1)
DEB [20191013-20:54:41.768] thr=1   paramiko.transport: [chan 1] EOF received (1)
DEB [20191013-20:54:41.809] thr=1   paramiko.transport: EOF in transport thread
DEB [20191013-20:55:30.216] thr=1   paramiko.transport: starting thread (client mode): 0xec9b8d48
DEB [20191013-20:55:30.217] thr=1   paramiko.transport: Local version/idstring: SSH-2.0-paramiko_2.6.0
DEB [20191013-20:55:30.337] thr=1   paramiko.transport: Remote version/idstring: SSH-2.0-OpenSSH_6.6.1p1 Ubuntu-2ubuntu2.10
INF [20191013-20:55:30.339] thr=1   paramiko.transport: Connected (version 2.0, client OpenSSH_6.6.1p1)
DEB [20191013-20:55:30.445] thr=1   paramiko.transport: kex algos:['curve25519-sha256@libssh.org', 'ecdh-sha2-nistp256', 'ecdh-sha2-nistp384', 'ecdh-sha2-nistp521', 'diffie-hellman-group-exchange-sha256', 'diffie-hellman-group-exchange-sha1', 'diffie-hellman-group14-sha1', 'diffie-hellman-group1-sha1'] server key:['ssh-rsa', 'ssh-dss', 'ecdsa-sha2-nistp256', 'ssh-ed25519'] client encrypt:['aes128-ctr', 'aes192-ctr', 'aes256-ctr', 'arcfour256', 'arcfour128', 'aes128-gcm@openssh.com', 'aes256-gcm@openssh.com', 'chacha20-poly1305@openssh.com', 'aes128-cbc', '3des-cbc', 'blowfish-cbc', 'cast128-cbc', 'aes192-cbc', 'aes256-cbc', 'arcfour', 'rijndael-cbc@lysator.liu.se'] server encrypt:['aes128-ctr', 'aes192-ctr', 'aes256-ctr', 'arcfour256', 'arcfour128', 'aes128-gcm@openssh.com', 'aes256-gcm@openssh.com', 'chacha20-poly1305@openssh.com', 'aes128-cbc', '3des-cbc', 'blowfish-cbc', 'cast128-cbc', 'aes192-cbc', 'aes256-cbc', 'arcfour', 'rijndael-cbc@lysator.liu.se'] client mac:['hmac-md5-etm@openssh.com', 'hmac-sha1-etm@openssh.com', 'umac-64-etm@openssh.com', 'umac-128-etm@openssh.com', 'hmac-sha2-256-etm@openssh.com', 'hmac-sha2-512-etm@openssh.com', 'hmac-ripemd160-etm@openssh.com', 'hmac-sha1-96-etm@openssh.com', 'hmac-md5-96-etm@openssh.com', 'hmac-md5', 'hmac-sha1', 'umac-64@openssh.com', 'umac-128@openssh.com', 'hmac-sha2-256', 'hmac-sha2-512', 'hmac-ripemd160', 'hmac-ripemd160@openssh.com', 'hmac-sha1-96', 'hmac-md5-96'] server mac:['hmac-md5-etm@openssh.com', 'hmac-sha1-etm@openssh.com', 'umac-64-etm@openssh.com', 'umac-128-etm@openssh.com', 'hmac-sha2-256-etm@openssh.com', 'hmac-sha2-512-etm@openssh.com', 'hmac-ripemd160-etm@openssh.com', 'hmac-sha1-96-etm@openssh.com', 'hmac-md5-96-etm@openssh.com', 'hmac-md5', 'hmac-sha1', 'umac-64@openssh.com', 'umac-128@openssh.com', 'hmac-sha2-256', 'hmac-sha2-512', 'hmac-ripemd160', 'hmac-ripemd160@openssh.com', 'hmac-sha1-96', 'hmac-md5-96'] client compress:['none', 'zlib@openssh.com'] server compress:['none', 'zlib@openssh.com'] client lang:[''] server lang:[''] kex follows?False
DEB [20191013-20:55:30.446] thr=1   paramiko.transport: Kex agreed: curve25519-sha256@libssh.org
DEB [20191013-20:55:30.447] thr=1   paramiko.transport: HostKey agreed: ssh-ed25519
DEB [20191013-20:55:30.447] thr=1   paramiko.transport: Cipher agreed: aes128-ctr
DEB [20191013-20:55:30.448] thr=1   paramiko.transport: MAC agreed: hmac-sha2-256
DEB [20191013-20:55:30.448] thr=1   paramiko.transport: Compression agreed: none
DEB [20191013-20:55:30.612] thr=1   paramiko.transport: kex engine KexCurve25519 specified hash_algo <built-in function openssl_sha256>
DEB [20191013-20:55:30.615] thr=1   paramiko.transport: Switch to new keys ...
DEB [20191013-20:55:30.616] thr=2   paramiko.transport: Attempting password auth...
DEB [20191013-20:55:30.867] thr=1   paramiko.transport: userauth is OK
INF [20191013-20:55:31.000] thr=1   paramiko.transport: Authentication (password) successful!
DEB [20191013-20:55:31.001] thr=2   paramiko.transport: [chan 0] Max packet in: 32768 bytes
DEB [20191013-20:55:31.114] thr=1   paramiko.transport: [chan 0] Max packet out: 32768 bytes
DEB [20191013-20:55:31.115] thr=1   paramiko.transport: Secsh channel 0 opened.
DEB [20191013-20:55:31.227] thr=1   paramiko.transport: [chan 0] Sesch channel 0 request ok
INF [20191013-20:55:31.335] thr=2   paramiko.transport.sftp: [chan 0] Opened sftp connection (server version 3)
DEB [20191013-20:55:31.338] thr=2   paramiko.transport: [chan 1] Max packet in: 32768 bytes
DEB [20191013-20:55:31.462] thr=1   paramiko.transport: [chan 1] Max packet out: 32768 bytes
DEB [20191013-20:55:31.462] thr=1   paramiko.transport: Secsh channel 1 opened.
DEB [20191013-20:55:31.575] thr=1   paramiko.transport: [chan 1] Sesch channel 1 request ok
DEB [20191013-20:55:31.576] thr=2   paramiko.transport: [chan 1] EOF sent (1)
DEB [20191013-20:55:31.711] thr=1   paramiko.transport: [chan 1] EOF received (1)
DEB [20191013-20:55:31.761] thr=1   paramiko.transport: EOF in transport thread
DEB [20191013-20:56:39.134] thr=1   paramiko.transport: starting thread (client mode): 0xadca7b88
DEB [20191013-20:56:39.135] thr=1   paramiko.transport: Local version/idstring: SSH-2.0-paramiko_2.6.0
DEB [20191013-20:56:39.246] thr=1   paramiko.transport: Remote version/idstring: SSH-2.0-OpenSSH_6.6.1p1 Ubuntu-2ubuntu2.10
INF [20191013-20:56:39.247] thr=1   paramiko.transport: Connected (version 2.0, client OpenSSH_6.6.1p1)
DEB [20191013-20:56:39.371] thr=1   paramiko.transport: kex algos:['curve25519-sha256@libssh.org', 'ecdh-sha2-nistp256', 'ecdh-sha2-nistp384', 'ecdh-sha2-nistp521', 'diffie-hellman-group-exchange-sha256', 'diffie-hellman-group-exchange-sha1', 'diffie-hellman-group14-sha1', 'diffie-hellman-group1-sha1'] server key:['ssh-rsa', 'ssh-dss', 'ecdsa-sha2-nistp256', 'ssh-ed25519'] client encrypt:['aes128-ctr', 'aes192-ctr', 'aes256-ctr', 'arcfour256', 'arcfour128', 'aes128-gcm@openssh.com', 'aes256-gcm@openssh.com', 'chacha20-poly1305@openssh.com', 'aes128-cbc', '3des-cbc', 'blowfish-cbc', 'cast128-cbc', 'aes192-cbc', 'aes256-cbc', 'arcfour', 'rijndael-cbc@lysator.liu.se'] server encrypt:['aes128-ctr', 'aes192-ctr', 'aes256-ctr', 'arcfour256', 'arcfour128', 'aes128-gcm@openssh.com', 'aes256-gcm@openssh.com', 'chacha20-poly1305@openssh.com', 'aes128-cbc', '3des-cbc', 'blowfish-cbc', 'cast128-cbc', 'aes192-cbc', 'aes256-cbc', 'arcfour', 'rijndael-cbc@lysator.liu.se'] client mac:['hmac-md5-etm@openssh.com', 'hmac-sha1-etm@openssh.com', 'umac-64-etm@openssh.com', 'umac-128-etm@openssh.com', 'hmac-sha2-256-etm@openssh.com', 'hmac-sha2-512-etm@openssh.com', 'hmac-ripemd160-etm@openssh.com', 'hmac-sha1-96-etm@openssh.com', 'hmac-md5-96-etm@openssh.com', 'hmac-md5', 'hmac-sha1', 'umac-64@openssh.com', 'umac-128@openssh.com', 'hmac-sha2-256', 'hmac-sha2-512', 'hmac-ripemd160', 'hmac-ripemd160@openssh.com', 'hmac-sha1-96', 'hmac-md5-96'] server mac:['hmac-md5-etm@openssh.com', 'hmac-sha1-etm@openssh.com', 'umac-64-etm@openssh.com', 'umac-128-etm@openssh.com', 'hmac-sha2-256-etm@openssh.com', 'hmac-sha2-512-etm@openssh.com', 'hmac-ripemd160-etm@openssh.com', 'hmac-sha1-96-etm@openssh.com', 'hmac-md5-96-etm@openssh.com', 'hmac-md5', 'hmac-sha1', 'umac-64@openssh.com', 'umac-128@openssh.com', 'hmac-sha2-256', 'hmac-sha2-512', 'hmac-ripemd160', 'hmac-ripemd160@openssh.com', 'hmac-sha1-96', 'hmac-md5-96'] client compress:['none', 'zlib@openssh.com'] server compress:['none', 'zlib@openssh.com'] client lang:[''] server lang:[''] kex follows?False
DEB [20191013-20:56:39.371] thr=1   paramiko.transport: Kex agreed: curve25519-sha256@libssh.org
DEB [20191013-20:56:39.371] thr=1   paramiko.transport: HostKey agreed: ssh-ed25519
DEB [20191013-20:56:39.372] thr=1   paramiko.transport: Cipher agreed: aes128-ctr
DEB [20191013-20:56:39.372] thr=1   paramiko.transport: MAC agreed: hmac-sha2-256
DEB [20191013-20:56:39.372] thr=1   paramiko.transport: Compression agreed: none
DEB [20191013-20:56:39.526] thr=1   paramiko.transport: kex engine KexCurve25519 specified hash_algo <built-in function openssl_sha256>
DEB [20191013-20:56:39.528] thr=1   paramiko.transport: Switch to new keys ...
DEB [20191013-20:56:39.529] thr=2   paramiko.transport: Attempting password auth...
DEB [20191013-20:56:39.790] thr=1   paramiko.transport: userauth is OK
INF [20191013-20:56:39.941] thr=1   paramiko.transport: Authentication (password) successful!
DEB [20191013-20:56:39.942] thr=2   paramiko.transport: [chan 0] Max packet in: 32768 bytes
DEB [20191013-20:56:40.063] thr=1   paramiko.transport: [chan 0] Max packet out: 32768 bytes
DEB [20191013-20:56:40.064] thr=1   paramiko.transport: Secsh channel 0 opened.
DEB [20191013-20:56:40.185] thr=1   paramiko.transport: [chan 0] Sesch channel 0 request ok
INF [20191013-20:56:40.305] thr=2   paramiko.transport.sftp: [chan 0] Opened sftp connection (server version 3)
DEB [20191013-20:56:40.312] thr=2   paramiko.transport: [chan 1] Max packet in: 32768 bytes
DEB [20191013-20:56:40.442] thr=1   paramiko.transport: [chan 1] Max packet out: 32768 bytes
DEB [20191013-20:56:40.443] thr=1   paramiko.transport: Secsh channel 1 opened.
DEB [20191013-20:56:40.555] thr=1   paramiko.transport: [chan 1] Sesch channel 1 request ok
DEB [20191013-20:56:40.558] thr=2   paramiko.transport: [chan 1] EOF sent (1)
DEB [20191013-20:56:40.578] thr=2   paramiko.transport.sftp: [chan 0] stat(b'/app/bck.tar')
DEB [20191013-20:56:40.687] thr=1   paramiko.transport: [chan 1] EOF received (1)
DEB [20191013-20:56:40.703] thr=2   paramiko.transport.sftp: [chan 0] open(b'/app/bck.tar', 'rb')
DEB [20191013-20:56:40.998] thr=2   paramiko.transport.sftp: [chan 0] open(b'/app/bck.tar', 'rb') -> 00000000
DEB [20191013-20:56:45.711] thr=2   paramiko.transport.sftp: [chan 0] close(00000000)
DEB [20191013-20:56:45.829] thr=2   paramiko.transport: [chan 2] Max packet in: 32768 bytes
DEB [20191013-20:56:45.960] thr=1   paramiko.transport: [chan 2] Max packet out: 32768 bytes
DEB [20191013-20:56:45.960] thr=1   paramiko.transport: Secsh channel 2 opened.
DEB [20191013-20:56:46.079] thr=1   paramiko.transport: [chan 2] Sesch channel 2 request ok
DEB [20191013-20:56:46.080] thr=2   paramiko.transport: [chan 2] EOF sent (2)
DEB [20191013-20:56:46.083] thr=1   paramiko.transport: [chan 2] EOF received (2)
DEB [20191013-20:56:46.090] thr=2   paramiko.transport: [chan 3] Max packet in: 32768 bytes
DEB [20191013-20:56:46.350] thr=1   paramiko.transport: [chan 3] Max packet out: 32768 bytes
DEB [20191013-20:56:46.351] thr=1   paramiko.transport: Secsh channel 3 opened.
DEB [20191013-20:56:46.462] thr=1   paramiko.transport: [chan 3] Sesch channel 3 request ok
DEB [20191013-20:56:46.463] thr=2   paramiko.transport: [chan 3] EOF sent (3)
DEB [20191013-20:56:46.467] thr=2   paramiko.transport.sftp: [chan 0] open(b'/app/bck.tar', 'wb')
DEB [20191013-20:56:46.473] thr=1   paramiko.transport: [chan 3] EOF received (3)
DEB [20191013-20:56:46.579] thr=2   paramiko.transport.sftp: [chan 0] open(b'/app/bck.tar', 'wb') -> 00000000
DEB [20191013-20:56:48.648] thr=2   paramiko.transport.sftp: [chan 0] close(00000000)
DEB [20191013-20:56:48.834] thr=2   paramiko.transport.sftp: [chan 0] stat(b'/app/bck.tar')
DEB [20191013-20:56:48.945] thr=2   paramiko.transport: [chan 4] Max packet in: 32768 bytes
DEB [20191013-20:56:49.063] thr=1   paramiko.transport: [chan 4] Max packet out: 32768 bytes
DEB [20191013-20:56:49.064] thr=1   paramiko.transport: Secsh channel 4 opened.
DEB [20191013-20:56:49.184] thr=1   paramiko.transport: [chan 4] Sesch channel 4 request ok
DEB [20191013-20:56:49.185] thr=2   paramiko.transport: [chan 4] EOF sent (4)
DEB [20191013-20:56:49.190] thr=2   paramiko.transport: [chan 5] Max packet in: 32768 bytes
DEB [20191013-20:56:49.226] thr=1   paramiko.transport: [chan 4] EOF received (4)
DEB [20191013-20:56:49.319] thr=1   paramiko.transport: [chan 5] Max packet out: 32768 bytes
DEB [20191013-20:56:49.319] thr=1   paramiko.transport: Secsh channel 5 opened.
DEB [20191013-20:56:49.591] thr=1   paramiko.transport: [chan 5] Sesch channel 5 request ok
DEB [20191013-20:56:49.593] thr=2   paramiko.transport: [chan 5] EOF sent (5)
DEB [20191013-20:56:49.595] thr=1   paramiko.transport: EOF in transport thread
DEB [20191013-20:59:09.053] thr=1   paramiko.transport: starting thread (client mode): 0xee70af88
DEB [20191013-20:59:09.054] thr=1   paramiko.transport: Local version/idstring: SSH-2.0-paramiko_2.6.0
DEB [20191013-20:59:09.165] thr=1   paramiko.transport: Remote version/idstring: SSH-2.0-OpenSSH_6.6.1p1 Ubuntu-2ubuntu2.10
INF [20191013-20:59:09.166] thr=1   paramiko.transport: Connected (version 2.0, client OpenSSH_6.6.1p1)
DEB [20191013-20:59:09.271] thr=1   paramiko.transport: kex algos:['curve25519-sha256@libssh.org', 'ecdh-sha2-nistp256', 'ecdh-sha2-nistp384', 'ecdh-sha2-nistp521', 'diffie-hellman-group-exchange-sha256', 'diffie-hellman-group-exchange-sha1', 'diffie-hellman-group14-sha1', 'diffie-hellman-group1-sha1'] server key:['ssh-rsa', 'ssh-dss', 'ecdsa-sha2-nistp256', 'ssh-ed25519'] client encrypt:['aes128-ctr', 'aes192-ctr', 'aes256-ctr', 'arcfour256', 'arcfour128', 'aes128-gcm@openssh.com', 'aes256-gcm@openssh.com', 'chacha20-poly1305@openssh.com', 'aes128-cbc', '3des-cbc', 'blowfish-cbc', 'cast128-cbc', 'aes192-cbc', 'aes256-cbc', 'arcfour', 'rijndael-cbc@lysator.liu.se'] server encrypt:['aes128-ctr', 'aes192-ctr', 'aes256-ctr', 'arcfour256', 'arcfour128', 'aes128-gcm@openssh.com', 'aes256-gcm@openssh.com', 'chacha20-poly1305@openssh.com', 'aes128-cbc', '3des-cbc', 'blowfish-cbc', 'cast128-cbc', 'aes192-cbc', 'aes256-cbc', 'arcfour', 'rijndael-cbc@lysator.liu.se'] client mac:['hmac-md5-etm@openssh.com', 'hmac-sha1-etm@openssh.com', 'umac-64-etm@openssh.com', 'umac-128-etm@openssh.com', 'hmac-sha2-256-etm@openssh.com', 'hmac-sha2-512-etm@openssh.com', 'hmac-ripemd160-etm@openssh.com', 'hmac-sha1-96-etm@openssh.com', 'hmac-md5-96-etm@openssh.com', 'hmac-md5', 'hmac-sha1', 'umac-64@openssh.com', 'umac-128@openssh.com', 'hmac-sha2-256', 'hmac-sha2-512', 'hmac-ripemd160', 'hmac-ripemd160@openssh.com', 'hmac-sha1-96', 'hmac-md5-96'] server mac:['hmac-md5-etm@openssh.com', 'hmac-sha1-etm@openssh.com', 'umac-64-etm@openssh.com', 'umac-128-etm@openssh.com', 'hmac-sha2-256-etm@openssh.com', 'hmac-sha2-512-etm@openssh.com', 'hmac-ripemd160-etm@openssh.com', 'hmac-sha1-96-etm@openssh.com', 'hmac-md5-96-etm@openssh.com', 'hmac-md5', 'hmac-sha1', 'umac-64@openssh.com', 'umac-128@openssh.com', 'hmac-sha2-256', 'hmac-sha2-512', 'hmac-ripemd160', 'hmac-ripemd160@openssh.com', 'hmac-sha1-96', 'hmac-md5-96'] client compress:['none', 'zlib@openssh.com'] server compress:['none', 'zlib@openssh.com'] client lang:[''] server lang:[''] kex follows?False
DEB [20191013-20:59:09.272] thr=1   paramiko.transport: Kex agreed: curve25519-sha256@libssh.org
DEB [20191013-20:59:09.273] thr=1   paramiko.transport: HostKey agreed: ssh-ed25519
DEB [20191013-20:59:09.274] thr=1   paramiko.transport: Cipher agreed: aes128-ctr
DEB [20191013-20:59:09.275] thr=1   paramiko.transport: MAC agreed: hmac-sha2-256
DEB [20191013-20:59:09.275] thr=1   paramiko.transport: Compression agreed: none
DEB [20191013-20:59:09.427] thr=1   paramiko.transport: kex engine KexCurve25519 specified hash_algo <built-in function openssl_sha256>
DEB [20191013-20:59:09.428] thr=1   paramiko.transport: Switch to new keys ...
DEB [20191013-20:59:09.430] thr=2   paramiko.transport: Attempting password auth...
DEB [20191013-20:59:09.678] thr=1   paramiko.transport: userauth is OK
INF [20191013-20:59:09.813] thr=1   paramiko.transport: Authentication (password) successful!
DEB [20191013-20:59:09.815] thr=2   paramiko.transport: [chan 0] Max packet in: 32768 bytes
DEB [20191013-20:59:09.921] thr=1   paramiko.transport: [chan 0] Max packet out: 32768 bytes
DEB [20191013-20:59:09.922] thr=1   paramiko.transport: Secsh channel 0 opened.
DEB [20191013-20:59:10.032] thr=1   paramiko.transport: [chan 0] Sesch channel 0 request ok
INF [20191013-20:59:10.142] thr=2   paramiko.transport.sftp: [chan 0] Opened sftp connection (server version 3)
DEB [20191013-20:59:10.150] thr=2   paramiko.transport: [chan 1] Max packet in: 32768 bytes
DEB [20191013-20:59:10.281] thr=1   paramiko.transport: [chan 1] Max packet out: 32768 bytes
DEB [20191013-20:59:10.281] thr=1   paramiko.transport: Secsh channel 1 opened.
DEB [20191013-20:59:10.391] thr=1   paramiko.transport: [chan 1] Sesch channel 1 request ok
DEB [20191013-20:59:10.392] thr=2   paramiko.transport: [chan 1] EOF sent (1)
DEB [20191013-20:59:10.402] thr=2   paramiko.transport.sftp: [chan 0] stat(b'/app/bck.tar')
DEB [20191013-20:59:10.526] thr=1   paramiko.transport: [chan 1] EOF received (1)
DEB [20191013-20:59:10.611] thr=2   paramiko.transport.sftp: [chan 0] open(b'/app/bck.tar', 'rb')
DEB [20191013-20:59:10.809] thr=2   paramiko.transport.sftp: [chan 0] open(b'/app/bck.tar', 'rb') -> 00000000
DEB [20191013-20:59:19.823] thr=2   paramiko.transport.sftp: [chan 0] close(00000000)
DEB [20191013-20:59:19.941] thr=2   paramiko.transport: [chan 2] Max packet in: 32768 bytes
DEB [20191013-20:59:20.068] thr=1   paramiko.transport: [chan 2] Max packet out: 32768 bytes
DEB [20191013-20:59:20.068] thr=1   paramiko.transport: Secsh channel 2 opened.
DEB [20191013-20:59:20.178] thr=1   paramiko.transport: [chan 2] Sesch channel 2 request ok
DEB [20191013-20:59:20.179] thr=2   paramiko.transport: [chan 2] EOF sent (2)
DEB [20191013-20:59:20.181] thr=1   paramiko.transport: [chan 2] EOF received (2)
DEB [20191013-20:59:20.183] thr=2   paramiko.transport: [chan 3] Max packet in: 32768 bytes
DEB [20191013-20:59:20.432] thr=1   paramiko.transport: [chan 3] Max packet out: 32768 bytes
DEB [20191013-20:59:20.432] thr=1   paramiko.transport: Secsh channel 3 opened.
DEB [20191013-20:59:20.554] thr=1   paramiko.transport: [chan 3] Sesch channel 3 request ok
DEB [20191013-20:59:20.556] thr=2   paramiko.transport: [chan 3] EOF sent (3)
DEB [20191013-20:59:20.569] thr=2   paramiko.transport.sftp: [chan 0] open(b'/app/bck.tar', 'wb')
DEB [20191013-20:59:20.575] thr=1   paramiko.transport: [chan 3] EOF received (3)
DEB [20191013-20:59:20.829] thr=2   paramiko.transport.sftp: [chan 0] open(b'/app/bck.tar', 'wb') -> 00000000
DEB [20191013-20:59:26.134] thr=2   paramiko.transport.sftp: [chan 0] close(00000000)
DEB [20191013-20:59:26.268] thr=2   paramiko.transport.sftp: [chan 0] stat(b'/app/bck.tar')
DEB [20191013-20:59:26.386] thr=2   paramiko.transport: [chan 4] Max packet in: 32768 bytes
DEB [20191013-20:59:26.490] thr=1   paramiko.transport: [chan 4] Max packet out: 32768 bytes
DEB [20191013-20:59:26.491] thr=1   paramiko.transport: Secsh channel 4 opened.
DEB [20191013-20:59:26.604] thr=1   paramiko.transport: [chan 4] Sesch channel 4 request ok
DEB [20191013-20:59:26.606] thr=2   paramiko.transport: [chan 4] EOF sent (4)
DEB [20191013-20:59:26.616] thr=2   paramiko.transport: [chan 5] Max packet in: 32768 bytes
DEB [20191013-20:59:26.730] thr=1   paramiko.transport: [chan 4] EOF received (4)
DEB [20191013-20:59:26.829] thr=1   paramiko.transport: [chan 5] Max packet out: 32768 bytes
DEB [20191013-20:59:26.829] thr=1   paramiko.transport: Secsh channel 5 opened.
DEB [20191013-20:59:27.030] thr=1   paramiko.transport: [chan 5] Sesch channel 5 request ok
DEB [20191013-20:59:27.034] thr=1   paramiko.transport: [chan 5] EOF received (5)
DEB [20191013-20:59:27.036] thr=2   paramiko.transport: [chan 5] EOF sent (5)
DEB [20191013-20:59:27.042] thr=2   paramiko.transport: [chan 6] Max packet in: 32768 bytes
DEB [20191013-20:59:27.325] thr=1   paramiko.transport: [chan 6] Max packet out: 32768 bytes
DEB [20191013-20:59:27.325] thr=1   paramiko.transport: Secsh channel 6 opened.
DEB [20191013-20:59:27.432] thr=1   paramiko.transport: [chan 6] Sesch channel 6 request ok
DEB [20191013-20:59:27.435] thr=2   paramiko.transport: [chan 6] EOF sent (6)
DEB [20191013-20:59:27.439] thr=1   paramiko.transport: [chan 6] EOF received (6)
DEB [20191013-21:00:23.702] thr=1   paramiko.transport: starting thread (client mode): 0x6ebbe348
DEB [20191013-21:00:23.705] thr=1   paramiko.transport: Local version/idstring: SSH-2.0-paramiko_2.6.0
DEB [20191013-21:00:23.814] thr=1   paramiko.transport: Remote version/idstring: SSH-2.0-OpenSSH_6.6.1p1 Ubuntu-2ubuntu2.10
INF [20191013-21:00:23.815] thr=1   paramiko.transport: Connected (version 2.0, client OpenSSH_6.6.1p1)
DEB [20191013-21:00:23.926] thr=1   paramiko.transport: kex algos:['curve25519-sha256@libssh.org', 'ecdh-sha2-nistp256', 'ecdh-sha2-nistp384', 'ecdh-sha2-nistp521', 'diffie-hellman-group-exchange-sha256', 'diffie-hellman-group-exchange-sha1', 'diffie-hellman-group14-sha1', 'diffie-hellman-group1-sha1'] server key:['ssh-rsa', 'ssh-dss', 'ecdsa-sha2-nistp256', 'ssh-ed25519'] client encrypt:['aes128-ctr', 'aes192-ctr', 'aes256-ctr', 'arcfour256', 'arcfour128', 'aes128-gcm@openssh.com', 'aes256-gcm@openssh.com', 'chacha20-poly1305@openssh.com', 'aes128-cbc', '3des-cbc', 'blowfish-cbc', 'cast128-cbc', 'aes192-cbc', 'aes256-cbc', 'arcfour', 'rijndael-cbc@lysator.liu.se'] server encrypt:['aes128-ctr', 'aes192-ctr', 'aes256-ctr', 'arcfour256', 'arcfour128', 'aes128-gcm@openssh.com', 'aes256-gcm@openssh.com', 'chacha20-poly1305@openssh.com', 'aes128-cbc', '3des-cbc', 'blowfish-cbc', 'cast128-cbc', 'aes192-cbc', 'aes256-cbc', 'arcfour', 'rijndael-cbc@lysator.liu.se'] client mac:['hmac-md5-etm@openssh.com', 'hmac-sha1-etm@openssh.com', 'umac-64-etm@openssh.com', 'umac-128-etm@openssh.com', 'hmac-sha2-256-etm@openssh.com', 'hmac-sha2-512-etm@openssh.com', 'hmac-ripemd160-etm@openssh.com', 'hmac-sha1-96-etm@openssh.com', 'hmac-md5-96-etm@openssh.com', 'hmac-md5', 'hmac-sha1', 'umac-64@openssh.com', 'umac-128@openssh.com', 'hmac-sha2-256', 'hmac-sha2-512', 'hmac-ripemd160', 'hmac-ripemd160@openssh.com', 'hmac-sha1-96', 'hmac-md5-96'] server mac:['hmac-md5-etm@openssh.com', 'hmac-sha1-etm@openssh.com', 'umac-64-etm@openssh.com', 'umac-128-etm@openssh.com', 'hmac-sha2-256-etm@openssh.com', 'hmac-sha2-512-etm@openssh.com', 'hmac-ripemd160-etm@openssh.com', 'hmac-sha1-96-etm@openssh.com', 'hmac-md5-96-etm@openssh.com', 'hmac-md5', 'hmac-sha1', 'umac-64@openssh.com', 'umac-128@openssh.com', 'hmac-sha2-256', 'hmac-sha2-512', 'hmac-ripemd160', 'hmac-ripemd160@openssh.com', 'hmac-sha1-96', 'hmac-md5-96'] client compress:['none', 'zlib@openssh.com'] server compress:['none', 'zlib@openssh.com'] client lang:[''] server lang:[''] kex follows?False
DEB [20191013-21:00:23.927] thr=1   paramiko.transport: Kex agreed: curve25519-sha256@libssh.org
DEB [20191013-21:00:23.927] thr=1   paramiko.transport: HostKey agreed: ssh-ed25519
DEB [20191013-21:00:23.927] thr=1   paramiko.transport: Cipher agreed: aes128-ctr
DEB [20191013-21:00:23.927] thr=1   paramiko.transport: MAC agreed: hmac-sha2-256
DEB [20191013-21:00:23.927] thr=1   paramiko.transport: Compression agreed: none
DEB [20191013-21:00:24.115] thr=1   paramiko.transport: kex engine KexCurve25519 specified hash_algo <built-in function openssl_sha256>
DEB [20191013-21:00:24.116] thr=1   paramiko.transport: Switch to new keys ...
DEB [20191013-21:00:24.117] thr=2   paramiko.transport: Attempting password auth...
DEB [20191013-21:00:24.387] thr=1   paramiko.transport: userauth is OK
INF [20191013-21:00:24.531] thr=1   paramiko.transport: Authentication (password) successful!
DEB [20191013-21:00:24.532] thr=2   paramiko.transport: [chan 0] Max packet in: 32768 bytes
DEB [20191013-21:00:24.650] thr=1   paramiko.transport: [chan 0] Max packet out: 32768 bytes
DEB [20191013-21:00:24.650] thr=1   paramiko.transport: Secsh channel 0 opened.
DEB [20191013-21:00:24.760] thr=1   paramiko.transport: [chan 0] Sesch channel 0 request ok
INF [20191013-21:00:24.878] thr=2   paramiko.transport.sftp: [chan 0] Opened sftp connection (server version 3)
DEB [20191013-21:00:24.881] thr=2   paramiko.transport: [chan 1] Max packet in: 32768 bytes
DEB [20191013-21:00:24.999] thr=1   paramiko.transport: [chan 1] Max packet out: 32768 bytes
DEB [20191013-21:00:24.999] thr=1   paramiko.transport: Secsh channel 1 opened.
DEB [20191013-21:00:25.109] thr=1   paramiko.transport: [chan 1] Sesch channel 1 request ok
DEB [20191013-21:00:25.113] thr=2   paramiko.transport: [chan 1] EOF sent (1)
DEB [20191013-21:00:25.115] thr=1   paramiko.transport: [chan 1] EOF received (1)
DEB [20191013-21:00:25.117] thr=2   paramiko.transport: [chan 2] Max packet in: 32768 bytes
DEB [20191013-21:00:25.423] thr=1   paramiko.transport: [chan 2] Max packet out: 32768 bytes
DEB [20191013-21:00:25.424] thr=1   paramiko.transport: Secsh channel 2 opened.
DEB [20191013-21:00:25.531] thr=1   paramiko.transport: [chan 2] Sesch channel 2 request ok
DEB [20191013-21:00:25.534] thr=2   paramiko.transport: [chan 2] EOF sent (2)
DEB [20191013-21:00:25.546] thr=2   paramiko.transport.sftp: [chan 0] stat(b'/app/bck.tar')
DEB [20191013-21:00:25.686] thr=1   paramiko.transport: [chan 2] EOF received (2)
DEB [20191013-21:00:25.758] thr=2   paramiko.transport.sftp: [chan 0] open(b'/app/bck.tar', 'rb')
DEB [20191013-21:00:26.009] thr=2   paramiko.transport.sftp: [chan 0] open(b'/app/bck.tar', 'rb') -> 00000000
DEB [20191013-21:00:28.218] thr=2   paramiko.transport.sftp: [chan 0] close(00000000)
DEB [20191013-21:00:28.322] thr=2   paramiko.transport: [chan 3] Max packet in: 32768 bytes
DEB [20191013-21:00:28.432] thr=1   paramiko.transport: [chan 3] Max packet out: 32768 bytes
DEB [20191013-21:00:28.433] thr=1   paramiko.transport: Secsh channel 3 opened.
DEB [20191013-21:00:28.556] thr=1   paramiko.transport: [chan 3] Sesch channel 3 request ok
DEB [20191013-21:00:28.558] thr=2   paramiko.transport: [chan 3] EOF sent (3)
DEB [20191013-21:00:28.562] thr=1   paramiko.transport: [chan 3] EOF received (3)
DEB [20191013-21:00:28.572] thr=2   paramiko.transport: [chan 4] Max packet in: 32768 bytes
DEB [20191013-21:00:28.819] thr=1   paramiko.transport: [chan 4] Max packet out: 32768 bytes
DEB [20191013-21:00:28.820] thr=1   paramiko.transport: Secsh channel 4 opened.
DEB [20191013-21:00:28.932] thr=1   paramiko.transport: [chan 4] Sesch channel 4 request ok
DEB [20191013-21:00:28.935] thr=2   paramiko.transport: [chan 4] EOF sent (4)
DEB [20191013-21:00:28.948] thr=2   paramiko.transport.sftp: [chan 0] open(b'/app/bck.tar', 'wb')
DEB [20191013-21:00:28.950] thr=1   paramiko.transport: [chan 4] EOF received (4)
DEB [20191013-21:00:29.199] thr=2   paramiko.transport.sftp: [chan 0] open(b'/app/bck.tar', 'wb') -> 00000000
DEB [20191013-21:00:31.035] thr=2   paramiko.transport.sftp: [chan 0] close(00000000)
DEB [20191013-21:00:31.170] thr=2   paramiko.transport.sftp: [chan 0] stat(b'/app/bck.tar')
DEB [20191013-21:00:31.295] thr=2   paramiko.transport: [chan 5] Max packet in: 32768 bytes
DEB [20191013-21:00:31.401] thr=1   paramiko.transport: [chan 5] Max packet out: 32768 bytes
DEB [20191013-21:00:31.402] thr=1   paramiko.transport: Secsh channel 5 opened.
DEB [20191013-21:00:31.511] thr=1   paramiko.transport: [chan 5] Sesch channel 5 request ok
DEB [20191013-21:00:31.512] thr=2   paramiko.transport: [chan 5] EOF sent (5)
DEB [20191013-21:00:31.520] thr=2   paramiko.transport: [chan 6] Max packet in: 32768 bytes
DEB [20191013-21:00:31.566] thr=1   paramiko.transport: [chan 5] EOF received (5)
DEB [20191013-21:00:31.651] thr=1   paramiko.transport: [chan 6] Max packet out: 32768 bytes
DEB [20191013-21:00:31.651] thr=1   paramiko.transport: Secsh channel 6 opened.
DEB [20191013-21:00:31.910] thr=1   paramiko.transport: [chan 6] Sesch channel 6 request ok
DEB [20191013-21:00:31.912] thr=1   paramiko.transport: [chan 6] EOF received (6)
DEB [20191013-21:00:31.912] thr=1   paramiko.transport: [chan 6] EOF sent (6)
DEB [20191013-21:00:31.915] thr=2   paramiko.transport: [chan 7] Max packet in: 32768 bytes
DEB [20191013-21:00:32.179] thr=1   paramiko.transport: [chan 7] Max packet out: 32768 bytes
DEB [20191013-21:00:32.180] thr=1   paramiko.transport: Secsh channel 7 opened.
DEB [20191013-21:00:32.291] thr=1   paramiko.transport: [chan 7] Sesch channel 7 request ok
DEB [20191013-21:00:32.299] thr=2   paramiko.transport: [chan 7] EOF sent (7)
DEB [20191013-21:00:32.305] thr=1   paramiko.transport: [chan 7] EOF received (7)
DEB [20191013-21:00:32.309] thr=1   paramiko.transport: EOF in transport thread
DEB [20191013-21:02:43.171] thr=1   paramiko.transport: starting thread (client mode): 0xb7f91388
DEB [20191013-21:02:43.172] thr=1   paramiko.transport: Local version/idstring: SSH-2.0-paramiko_2.6.0
DEB [20191013-21:02:43.283] thr=1   paramiko.transport: Remote version/idstring: SSH-2.0-OpenSSH_6.6.1p1 Ubuntu-2ubuntu2.10
INF [20191013-21:02:43.283] thr=1   paramiko.transport: Connected (version 2.0, client OpenSSH_6.6.1p1)
DEB [20191013-21:02:43.391] thr=1   paramiko.transport: kex algos:['curve25519-sha256@libssh.org', 'ecdh-sha2-nistp256', 'ecdh-sha2-nistp384', 'ecdh-sha2-nistp521', 'diffie-hellman-group-exchange-sha256', 'diffie-hellman-group-exchange-sha1', 'diffie-hellman-group14-sha1', 'diffie-hellman-group1-sha1'] server key:['ssh-rsa', 'ssh-dss', 'ecdsa-sha2-nistp256', 'ssh-ed25519'] client encrypt:['aes128-ctr', 'aes192-ctr', 'aes256-ctr', 'arcfour256', 'arcfour128', 'aes128-gcm@openssh.com', 'aes256-gcm@openssh.com', 'chacha20-poly1305@openssh.com', 'aes128-cbc', '3des-cbc', 'blowfish-cbc', 'cast128-cbc', 'aes192-cbc', 'aes256-cbc', 'arcfour', 'rijndael-cbc@lysator.liu.se'] server encrypt:['aes128-ctr', 'aes192-ctr', 'aes256-ctr', 'arcfour256', 'arcfour128', 'aes128-gcm@openssh.com', 'aes256-gcm@openssh.com', 'chacha20-poly1305@openssh.com', 'aes128-cbc', '3des-cbc', 'blowfish-cbc', 'cast128-cbc', 'aes192-cbc', 'aes256-cbc', 'arcfour', 'rijndael-cbc@lysator.liu.se'] client mac:['hmac-md5-etm@openssh.com', 'hmac-sha1-etm@openssh.com', 'umac-64-etm@openssh.com', 'umac-128-etm@openssh.com', 'hmac-sha2-256-etm@openssh.com', 'hmac-sha2-512-etm@openssh.com', 'hmac-ripemd160-etm@openssh.com', 'hmac-sha1-96-etm@openssh.com', 'hmac-md5-96-etm@openssh.com', 'hmac-md5', 'hmac-sha1', 'umac-64@openssh.com', 'umac-128@openssh.com', 'hmac-sha2-256', 'hmac-sha2-512', 'hmac-ripemd160', 'hmac-ripemd160@openssh.com', 'hmac-sha1-96', 'hmac-md5-96'] server mac:['hmac-md5-etm@openssh.com', 'hmac-sha1-etm@openssh.com', 'umac-64-etm@openssh.com', 'umac-128-etm@openssh.com', 'hmac-sha2-256-etm@openssh.com', 'hmac-sha2-512-etm@openssh.com', 'hmac-ripemd160-etm@openssh.com', 'hmac-sha1-96-etm@openssh.com', 'hmac-md5-96-etm@openssh.com', 'hmac-md5', 'hmac-sha1', 'umac-64@openssh.com', 'umac-128@openssh.com', 'hmac-sha2-256', 'hmac-sha2-512', 'hmac-ripemd160', 'hmac-ripemd160@openssh.com', 'hmac-sha1-96', 'hmac-md5-96'] client compress:['none', 'zlib@openssh.com'] server compress:['none', 'zlib@openssh.com'] client lang:[''] server lang:[''] kex follows?False
DEB [20191013-21:02:43.392] thr=1   paramiko.transport: Kex agreed: curve25519-sha256@libssh.org
DEB [20191013-21:02:43.392] thr=1   paramiko.transport: HostKey agreed: ssh-ed25519
DEB [20191013-21:02:43.392] thr=1   paramiko.transport: Cipher agreed: aes128-ctr
DEB [20191013-21:02:43.392] thr=1   paramiko.transport: MAC agreed: hmac-sha2-256
DEB [20191013-21:02:43.392] thr=1   paramiko.transport: Compression agreed: none
DEB [20191013-21:02:43.557] thr=1   paramiko.transport: kex engine KexCurve25519 specified hash_algo <built-in function openssl_sha256>
DEB [20191013-21:02:43.560] thr=1   paramiko.transport: Switch to new keys ...
DEB [20191013-21:02:43.562] thr=2   paramiko.transport: Attempting password auth...
DEB [20191013-21:02:43.830] thr=1   paramiko.transport: userauth is OK
INF [20191013-21:02:43.969] thr=1   paramiko.transport: Authentication (password) successful!
DEB [20191013-21:02:43.970] thr=2   paramiko.transport: [chan 0] Max packet in: 32768 bytes
DEB [20191013-21:02:44.078] thr=1   paramiko.transport: [chan 0] Max packet out: 32768 bytes
DEB [20191013-21:02:44.078] thr=1   paramiko.transport: Secsh channel 0 opened.
DEB [20191013-21:02:44.191] thr=1   paramiko.transport: [chan 0] Sesch channel 0 request ok
INF [20191013-21:02:44.300] thr=2   paramiko.transport.sftp: [chan 0] Opened sftp connection (server version 3)
DEB [20191013-21:02:44.302] thr=2   paramiko.transport: [chan 1] Max packet in: 32768 bytes
DEB [20191013-21:02:44.419] thr=1   paramiko.transport: [chan 1] Max packet out: 32768 bytes
DEB [20191013-21:02:44.419] thr=1   paramiko.transport: Secsh channel 1 opened.
DEB [20191013-21:02:44.539] thr=1   paramiko.transport: [chan 1] Sesch channel 1 request ok
DEB [20191013-21:02:44.540] thr=2   paramiko.transport: [chan 1] EOF sent (1)
DEB [20191013-21:02:44.546] thr=1   paramiko.transport: [chan 1] EOF received (1)
DEB [20191013-21:03:07.585] thr=1   paramiko.transport: EOF in transport thread
DEB [20191013-21:03:11.885] thr=1   paramiko.transport: starting thread (client mode): 0x80f6e4c8
DEB [20191013-21:03:11.888] thr=1   paramiko.transport: Local version/idstring: SSH-2.0-paramiko_2.6.0
DEB [20191013-21:03:11.995] thr=1   paramiko.transport: Remote version/idstring: SSH-2.0-OpenSSH_6.6.1p1 Ubuntu-2ubuntu2.10
INF [20191013-21:03:11.996] thr=1   paramiko.transport: Connected (version 2.0, client OpenSSH_6.6.1p1)
DEB [20191013-21:03:12.120] thr=1   paramiko.transport: kex algos:['curve25519-sha256@libssh.org', 'ecdh-sha2-nistp256', 'ecdh-sha2-nistp384', 'ecdh-sha2-nistp521', 'diffie-hellman-group-exchange-sha256', 'diffie-hellman-group-exchange-sha1', 'diffie-hellman-group14-sha1', 'diffie-hellman-group1-sha1'] server key:['ssh-rsa', 'ssh-dss', 'ecdsa-sha2-nistp256', 'ssh-ed25519'] client encrypt:['aes128-ctr', 'aes192-ctr', 'aes256-ctr', 'arcfour256', 'arcfour128', 'aes128-gcm@openssh.com', 'aes256-gcm@openssh.com', 'chacha20-poly1305@openssh.com', 'aes128-cbc', '3des-cbc', 'blowfish-cbc', 'cast128-cbc', 'aes192-cbc', 'aes256-cbc', 'arcfour', 'rijndael-cbc@lysator.liu.se'] server encrypt:['aes128-ctr', 'aes192-ctr', 'aes256-ctr', 'arcfour256', 'arcfour128', 'aes128-gcm@openssh.com', 'aes256-gcm@openssh.com', 'chacha20-poly1305@openssh.com', 'aes128-cbc', '3des-cbc', 'blowfish-cbc', 'cast128-cbc', 'aes192-cbc', 'aes256-cbc', 'arcfour', 'rijndael-cbc@lysator.liu.se'] client mac:['hmac-md5-etm@openssh.com', 'hmac-sha1-etm@openssh.com', 'umac-64-etm@openssh.com', 'umac-128-etm@openssh.com', 'hmac-sha2-256-etm@openssh.com', 'hmac-sha2-512-etm@openssh.com', 'hmac-ripemd160-etm@openssh.com', 'hmac-sha1-96-etm@openssh.com', 'hmac-md5-96-etm@openssh.com', 'hmac-md5', 'hmac-sha1', 'umac-64@openssh.com', 'umac-128@openssh.com', 'hmac-sha2-256', 'hmac-sha2-512', 'hmac-ripemd160', 'hmac-ripemd160@openssh.com', 'hmac-sha1-96', 'hmac-md5-96'] server mac:['hmac-md5-etm@openssh.com', 'hmac-sha1-etm@openssh.com', 'umac-64-etm@openssh.com', 'umac-128-etm@openssh.com', 'hmac-sha2-256-etm@openssh.com', 'hmac-sha2-512-etm@openssh.com', 'hmac-ripemd160-etm@openssh.com', 'hmac-sha1-96-etm@openssh.com', 'hmac-md5-96-etm@openssh.com', 'hmac-md5', 'hmac-sha1', 'umac-64@openssh.com', 'umac-128@openssh.com', 'hmac-sha2-256', 'hmac-sha2-512', 'hmac-ripemd160', 'hmac-ripemd160@openssh.com', 'hmac-sha1-96', 'hmac-md5-96'] client compress:['none', 'zlib@openssh.com'] server compress:['none', 'zlib@openssh.com'] client lang:[''] server lang:[''] kex follows?False
DEB [20191013-21:03:12.121] thr=1   paramiko.transport: Kex agreed: curve25519-sha256@libssh.org
DEB [20191013-21:03:12.122] thr=1   paramiko.transport: HostKey agreed: ssh-ed25519
DEB [20191013-21:03:12.123] thr=1   paramiko.transport: Cipher agreed: aes128-ctr
DEB [20191013-21:03:12.123] thr=1   paramiko.transport: MAC agreed: hmac-sha2-256
DEB [20191013-21:03:12.124] thr=1   paramiko.transport: Compression agreed: none
DEB [20191013-21:03:12.279] thr=1   paramiko.transport: kex engine KexCurve25519 specified hash_algo <built-in function openssl_sha256>
DEB [20191013-21:03:12.282] thr=1   paramiko.transport: Switch to new keys ...
DEB [20191013-21:03:12.284] thr=2   paramiko.transport: Attempting password auth...
DEB [20191013-21:03:12.550] thr=1   paramiko.transport: userauth is OK
INF [20191013-21:03:12.683] thr=1   paramiko.transport: Authentication (password) successful!
DEB [20191013-21:03:12.687] thr=2   paramiko.transport: [chan 0] Max packet in: 32768 bytes
DEB [20191013-21:03:12.811] thr=1   paramiko.transport: [chan 0] Max packet out: 32768 bytes
DEB [20191013-21:03:12.812] thr=1   paramiko.transport: Secsh channel 0 opened.
DEB [20191013-21:03:12.932] thr=1   paramiko.transport: [chan 0] Sesch channel 0 request ok
INF [20191013-21:03:13.041] thr=2   paramiko.transport.sftp: [chan 0] Opened sftp connection (server version 3)
DEB [20191013-21:03:13.045] thr=2   paramiko.transport: [chan 1] Max packet in: 32768 bytes
DEB [20191013-21:03:13.158] thr=1   paramiko.transport: [chan 1] Max packet out: 32768 bytes
DEB [20191013-21:03:13.160] thr=1   paramiko.transport: Secsh channel 1 opened.
DEB [20191013-21:03:13.273] thr=1   paramiko.transport: [chan 1] Sesch channel 1 request ok
DEB [20191013-21:03:13.287] thr=1   paramiko.transport: [chan 1] EOF received (1)
DEB [20191013-21:03:13.292] thr=1   paramiko.transport: [chan 1] EOF sent (1)
DEB [20191013-21:03:31.042] thr=1   paramiko.transport: starting thread (client mode): 0x469994c8
DEB [20191013-21:03:31.043] thr=1   paramiko.transport: Local version/idstring: SSH-2.0-paramiko_2.6.0
DEB [20191013-21:03:31.156] thr=1   paramiko.transport: Remote version/idstring: SSH-2.0-OpenSSH_6.6.1p1 Ubuntu-2ubuntu2.10
INF [20191013-21:03:31.156] thr=1   paramiko.transport: Connected (version 2.0, client OpenSSH_6.6.1p1)
DEB [20191013-21:03:31.259] thr=1   paramiko.transport: kex algos:['curve25519-sha256@libssh.org', 'ecdh-sha2-nistp256', 'ecdh-sha2-nistp384', 'ecdh-sha2-nistp521', 'diffie-hellman-group-exchange-sha256', 'diffie-hellman-group-exchange-sha1', 'diffie-hellman-group14-sha1', 'diffie-hellman-group1-sha1'] server key:['ssh-rsa', 'ssh-dss', 'ecdsa-sha2-nistp256', 'ssh-ed25519'] client encrypt:['aes128-ctr', 'aes192-ctr', 'aes256-ctr', 'arcfour256', 'arcfour128', 'aes128-gcm@openssh.com', 'aes256-gcm@openssh.com', 'chacha20-poly1305@openssh.com', 'aes128-cbc', '3des-cbc', 'blowfish-cbc', 'cast128-cbc', 'aes192-cbc', 'aes256-cbc', 'arcfour', 'rijndael-cbc@lysator.liu.se'] server encrypt:['aes128-ctr', 'aes192-ctr', 'aes256-ctr', 'arcfour256', 'arcfour128', 'aes128-gcm@openssh.com', 'aes256-gcm@openssh.com', 'chacha20-poly1305@openssh.com', 'aes128-cbc', '3des-cbc', 'blowfish-cbc', 'cast128-cbc', 'aes192-cbc', 'aes256-cbc', 'arcfour', 'rijndael-cbc@lysator.liu.se'] client mac:['hmac-md5-etm@openssh.com', 'hmac-sha1-etm@openssh.com', 'umac-64-etm@openssh.com', 'umac-128-etm@openssh.com', 'hmac-sha2-256-etm@openssh.com', 'hmac-sha2-512-etm@openssh.com', 'hmac-ripemd160-etm@openssh.com', 'hmac-sha1-96-etm@openssh.com', 'hmac-md5-96-etm@openssh.com', 'hmac-md5', 'hmac-sha1', 'umac-64@openssh.com', 'umac-128@openssh.com', 'hmac-sha2-256', 'hmac-sha2-512', 'hmac-ripemd160', 'hmac-ripemd160@openssh.com', 'hmac-sha1-96', 'hmac-md5-96'] server mac:['hmac-md5-etm@openssh.com', 'hmac-sha1-etm@openssh.com', 'umac-64-etm@openssh.com', 'umac-128-etm@openssh.com', 'hmac-sha2-256-etm@openssh.com', 'hmac-sha2-512-etm@openssh.com', 'hmac-ripemd160-etm@openssh.com', 'hmac-sha1-96-etm@openssh.com', 'hmac-md5-96-etm@openssh.com', 'hmac-md5', 'hmac-sha1', 'umac-64@openssh.com', 'umac-128@openssh.com', 'hmac-sha2-256', 'hmac-sha2-512', 'hmac-ripemd160', 'hmac-ripemd160@openssh.com', 'hmac-sha1-96', 'hmac-md5-96'] client compress:['none', 'zlib@openssh.com'] server compress:['none', 'zlib@openssh.com'] client lang:[''] server lang:[''] kex follows?False
DEB [20191013-21:03:31.260] thr=1   paramiko.transport: Kex agreed: curve25519-sha256@libssh.org
DEB [20191013-21:03:31.260] thr=1   paramiko.transport: HostKey agreed: ssh-ed25519
DEB [20191013-21:03:31.260] thr=1   paramiko.transport: Cipher agreed: aes128-ctr
DEB [20191013-21:03:31.261] thr=1   paramiko.transport: MAC agreed: hmac-sha2-256
DEB [20191013-21:03:31.261] thr=1   paramiko.transport: Compression agreed: none
DEB [20191013-21:03:31.424] thr=1   paramiko.transport: kex engine KexCurve25519 specified hash_algo <built-in function openssl_sha256>
DEB [20191013-21:03:31.424] thr=1   paramiko.transport: Switch to new keys ...
DEB [20191013-21:03:31.425] thr=2   paramiko.transport: Attempting password auth...
DEB [20191013-21:03:31.698] thr=1   paramiko.transport: userauth is OK
INF [20191013-21:03:31.832] thr=1   paramiko.transport: Authentication (password) successful!
DEB [20191013-21:03:31.833] thr=2   paramiko.transport: [chan 0] Max packet in: 32768 bytes
DEB [20191013-21:03:31.957] thr=1   paramiko.transport: [chan 0] Max packet out: 32768 bytes
DEB [20191013-21:03:31.958] thr=1   paramiko.transport: Secsh channel 0 opened.
DEB [20191013-21:03:32.062] thr=1   paramiko.transport: [chan 0] Sesch channel 0 request ok
INF [20191013-21:03:32.169] thr=2   paramiko.transport.sftp: [chan 0] Opened sftp connection (server version 3)
DEB [20191013-21:03:32.171] thr=2   paramiko.transport: [chan 1] Max packet in: 32768 bytes
DEB [20191013-21:03:32.288] thr=1   paramiko.transport: [chan 1] Max packet out: 32768 bytes
DEB [20191013-21:03:32.288] thr=1   paramiko.transport: Secsh channel 1 opened.
DEB [20191013-21:03:32.402] thr=1   paramiko.transport: [chan 1] Sesch channel 1 request ok
DEB [20191013-21:03:32.405] thr=1   paramiko.transport: [chan 1] EOF received (1)
DEB [20191013-21:03:32.405] thr=2   paramiko.transport: [chan 1] EOF sent (1)
DEB [20191013-21:03:32.411] thr=2   paramiko.transport: [chan 2] Max packet in: 32768 bytes
DEB [20191013-21:03:32.670] thr=1   paramiko.transport: [chan 2] Max packet out: 32768 bytes
DEB [20191013-21:03:32.671] thr=1   paramiko.transport: Secsh channel 2 opened.
DEB [20191013-21:03:32.783] thr=1   paramiko.transport: [chan 2] Sesch channel 2 request ok
DEB [20191013-21:03:32.785] thr=2   paramiko.transport: [chan 2] EOF sent (2)
DEB [20191013-21:03:32.804] thr=2   paramiko.transport.sftp: [chan 0] stat(b'/app/bck.tar')
DEB [20191013-21:03:33.104] thr=1   paramiko.transport: [chan 2] EOF received (2)
DEB [20191013-21:03:33.118] thr=2   paramiko.transport.sftp: [chan 0] open(b'/app/bck.tar', 'rb')
DEB [20191013-21:03:33.341] thr=2   paramiko.transport.sftp: [chan 0] open(b'/app/bck.tar', 'rb') -> 00000000
DEB [20191013-21:03:44.321] thr=2   paramiko.transport.sftp: [chan 0] close(00000000)
DEB [20191013-21:03:44.431] thr=2   paramiko.transport: [chan 3] Max packet in: 32768 bytes
DEB [20191013-21:03:44.540] thr=1   paramiko.transport: [chan 3] Max packet out: 32768 bytes
DEB [20191013-21:03:44.541] thr=1   paramiko.transport: Secsh channel 3 opened.
DEB [20191013-21:03:44.649] thr=1   paramiko.transport: [chan 3] Sesch channel 3 request ok
DEB [20191013-21:03:44.650] thr=2   paramiko.transport: [chan 3] EOF sent (3)
DEB [20191013-21:03:44.654] thr=1   paramiko.transport: [chan 3] EOF received (3)
DEB [20191013-21:03:44.655] thr=2   paramiko.transport: [chan 4] Max packet in: 32768 bytes
DEB [20191013-21:03:44.930] thr=1   paramiko.transport: [chan 4] Max packet out: 32768 bytes
DEB [20191013-21:03:44.931] thr=1   paramiko.transport: Secsh channel 4 opened.
DEB [20191013-21:03:45.042] thr=1   paramiko.transport: [chan 4] Sesch channel 4 request ok
DEB [20191013-21:03:45.044] thr=2   paramiko.transport: [chan 4] EOF sent (4)
DEB [20191013-21:03:45.053] thr=2   paramiko.transport.sftp: [chan 0] open(b'/app/bck.tar', 'wb')
DEB [20191013-21:03:45.059] thr=1   paramiko.transport: [chan 4] EOF received (4)
DEB [20191013-21:03:45.332] thr=2   paramiko.transport.sftp: [chan 0] open(b'/app/bck.tar', 'wb') -> 00000000
DEB [20191013-21:03:49.735] thr=2   paramiko.transport.sftp: [chan 0] close(00000000)
DEB [20191013-21:03:49.919] thr=2   paramiko.transport.sftp: [chan 0] stat(b'/app/bck.tar')
DEB [20191013-21:03:50.056] thr=2   paramiko.transport: [chan 5] Max packet in: 32768 bytes
DEB [20191013-21:03:50.161] thr=1   paramiko.transport: [chan 5] Max packet out: 32768 bytes
DEB [20191013-21:03:50.162] thr=1   paramiko.transport: Secsh channel 5 opened.
DEB [20191013-21:03:50.272] thr=1   paramiko.transport: [chan 5] Sesch channel 5 request ok
DEB [20191013-21:03:50.273] thr=2   paramiko.transport: [chan 5] EOF sent (5)
DEB [20191013-21:03:50.279] thr=2   paramiko.transport: [chan 6] Max packet in: 32768 bytes
DEB [20191013-21:03:50.322] thr=1   paramiko.transport: [chan 5] EOF received (5)
DEB [20191013-21:03:50.427] thr=1   paramiko.transport: [chan 6] Max packet out: 32768 bytes
DEB [20191013-21:03:50.427] thr=1   paramiko.transport: Secsh channel 6 opened.
DEB [20191013-21:03:50.709] thr=1   paramiko.transport: [chan 6] Sesch channel 6 request ok
DEB [20191013-21:03:50.711] thr=2   paramiko.transport: [chan 6] EOF sent (6)
DEB [20191013-21:03:50.713] thr=1   paramiko.transport: [chan 6] EOF received (6)
DEB [20191013-21:03:50.714] thr=2   paramiko.transport: [chan 7] Max packet in: 32768 bytes
DEB [20191013-21:03:50.978] thr=1   paramiko.transport: [chan 7] Max packet out: 32768 bytes
DEB [20191013-21:03:50.978] thr=1   paramiko.transport: Secsh channel 7 opened.
DEB [20191013-21:03:51.100] thr=1   paramiko.transport: [chan 7] Sesch channel 7 request ok
DEB [20191013-21:03:51.101] thr=1   paramiko.transport: [chan 7] EOF received (7)
DEB [20191013-21:03:51.102] thr=2   paramiko.transport: [chan 7] EOF sent (7)
DEB [20191013-21:03:51.106] thr=1   paramiko.transport: EOF in transport thread
DEB [20191013-21:09:00.133] thr=1   paramiko.transport: starting thread (client mode): 0x2bf79e48
DEB [20191013-21:09:00.134] thr=1   paramiko.transport: Local version/idstring: SSH-2.0-paramiko_2.6.0
DEB [20191013-21:09:00.243] thr=1   paramiko.transport: Remote version/idstring: SSH-2.0-OpenSSH_6.6.1p1 Ubuntu-2ubuntu2.10
INF [20191013-21:09:00.243] thr=1   paramiko.transport: Connected (version 2.0, client OpenSSH_6.6.1p1)
DEB [20191013-21:09:00.350] thr=1   paramiko.transport: kex algos:['curve25519-sha256@libssh.org', 'ecdh-sha2-nistp256', 'ecdh-sha2-nistp384', 'ecdh-sha2-nistp521', 'diffie-hellman-group-exchange-sha256', 'diffie-hellman-group-exchange-sha1', 'diffie-hellman-group14-sha1', 'diffie-hellman-group1-sha1'] server key:['ssh-rsa', 'ssh-dss', 'ecdsa-sha2-nistp256', 'ssh-ed25519'] client encrypt:['aes128-ctr', 'aes192-ctr', 'aes256-ctr', 'arcfour256', 'arcfour128', 'aes128-gcm@openssh.com', 'aes256-gcm@openssh.com', 'chacha20-poly1305@openssh.com', 'aes128-cbc', '3des-cbc', 'blowfish-cbc', 'cast128-cbc', 'aes192-cbc', 'aes256-cbc', 'arcfour', 'rijndael-cbc@lysator.liu.se'] server encrypt:['aes128-ctr', 'aes192-ctr', 'aes256-ctr', 'arcfour256', 'arcfour128', 'aes128-gcm@openssh.com', 'aes256-gcm@openssh.com', 'chacha20-poly1305@openssh.com', 'aes128-cbc', '3des-cbc', 'blowfish-cbc', 'cast128-cbc', 'aes192-cbc', 'aes256-cbc', 'arcfour', 'rijndael-cbc@lysator.liu.se'] client mac:['hmac-md5-etm@openssh.com', 'hmac-sha1-etm@openssh.com', 'umac-64-etm@openssh.com', 'umac-128-etm@openssh.com', 'hmac-sha2-256-etm@openssh.com', 'hmac-sha2-512-etm@openssh.com', 'hmac-ripemd160-etm@openssh.com', 'hmac-sha1-96-etm@openssh.com', 'hmac-md5-96-etm@openssh.com', 'hmac-md5', 'hmac-sha1', 'umac-64@openssh.com', 'umac-128@openssh.com', 'hmac-sha2-256', 'hmac-sha2-512', 'hmac-ripemd160', 'hmac-ripemd160@openssh.com', 'hmac-sha1-96', 'hmac-md5-96'] server mac:['hmac-md5-etm@openssh.com', 'hmac-sha1-etm@openssh.com', 'umac-64-etm@openssh.com', 'umac-128-etm@openssh.com', 'hmac-sha2-256-etm@openssh.com', 'hmac-sha2-512-etm@openssh.com', 'hmac-ripemd160-etm@openssh.com', 'hmac-sha1-96-etm@openssh.com', 'hmac-md5-96-etm@openssh.com', 'hmac-md5', 'hmac-sha1', 'umac-64@openssh.com', 'umac-128@openssh.com', 'hmac-sha2-256', 'hmac-sha2-512', 'hmac-ripemd160', 'hmac-ripemd160@openssh.com', 'hmac-sha1-96', 'hmac-md5-96'] client compress:['none', 'zlib@openssh.com'] server compress:['none', 'zlib@openssh.com'] client lang:[''] server lang:[''] kex follows?False
DEB [20191013-21:09:00.351] thr=1   paramiko.transport: Kex agreed: curve25519-sha256@libssh.org
DEB [20191013-21:09:00.351] thr=1   paramiko.transport: HostKey agreed: ssh-ed25519
DEB [20191013-21:09:00.352] thr=1   paramiko.transport: Cipher agreed: aes128-ctr
DEB [20191013-21:09:00.352] thr=1   paramiko.transport: MAC agreed: hmac-sha2-256
DEB [20191013-21:09:00.353] thr=1   paramiko.transport: Compression agreed: none
DEB [20191013-21:09:00.516] thr=1   paramiko.transport: kex engine KexCurve25519 specified hash_algo <built-in function openssl_sha256>
DEB [20191013-21:09:00.520] thr=1   paramiko.transport: Switch to new keys ...
DEB [20191013-21:09:00.522] thr=2   paramiko.transport: Attempting password auth...
DEB [20191013-21:09:00.790] thr=1   paramiko.transport: userauth is OK
INF [20191013-21:09:01.180] thr=1   paramiko.transport: Authentication (password) successful!
DEB [20191013-21:09:01.183] thr=2   paramiko.transport: [chan 0] Max packet in: 32768 bytes
DEB [20191013-21:09:01.289] thr=1   paramiko.transport: [chan 0] Max packet out: 32768 bytes
DEB [20191013-21:09:01.290] thr=1   paramiko.transport: Secsh channel 0 opened.
DEB [20191013-21:09:01.402] thr=1   paramiko.transport: [chan 0] Sesch channel 0 request ok
INF [20191013-21:09:01.510] thr=2   paramiko.transport.sftp: [chan 0] Opened sftp connection (server version 3)
DEB [20191013-21:09:01.513] thr=2   paramiko.transport: [chan 1] Max packet in: 32768 bytes
DEB [20191013-21:09:01.628] thr=1   paramiko.transport: [chan 1] Max packet out: 32768 bytes
DEB [20191013-21:09:01.628] thr=1   paramiko.transport: Secsh channel 1 opened.
DEB [20191013-21:09:01.743] thr=1   paramiko.transport: [chan 1] Sesch channel 1 request ok
DEB [20191013-21:09:01.747] thr=1   paramiko.transport: [chan 1] EOF received (1)
DEB [20191013-21:09:01.748] thr=1   paramiko.transport: [chan 1] EOF sent (1)
DEB [20191013-21:09:02.060] thr=1   paramiko.transport: EOF in transport thread
DEB [20191013-21:13:32.563] thr=1   paramiko.transport: starting thread (client mode): 0x7375e288
DEB [20191013-21:13:32.564] thr=1   paramiko.transport: Local version/idstring: SSH-2.0-paramiko_2.6.0
DEB [20191013-21:13:32.673] thr=1   paramiko.transport: Remote version/idstring: SSH-2.0-OpenSSH_6.6.1p1 Ubuntu-2ubuntu2.10
INF [20191013-21:13:32.674] thr=1   paramiko.transport: Connected (version 2.0, client OpenSSH_6.6.1p1)
DEB [20191013-21:13:32.788] thr=1   paramiko.transport: kex algos:['curve25519-sha256@libssh.org', 'ecdh-sha2-nistp256', 'ecdh-sha2-nistp384', 'ecdh-sha2-nistp521', 'diffie-hellman-group-exchange-sha256', 'diffie-hellman-group-exchange-sha1', 'diffie-hellman-group14-sha1', 'diffie-hellman-group1-sha1'] server key:['ssh-rsa', 'ssh-dss', 'ecdsa-sha2-nistp256', 'ssh-ed25519'] client encrypt:['aes128-ctr', 'aes192-ctr', 'aes256-ctr', 'arcfour256', 'arcfour128', 'aes128-gcm@openssh.com', 'aes256-gcm@openssh.com', 'chacha20-poly1305@openssh.com', 'aes128-cbc', '3des-cbc', 'blowfish-cbc', 'cast128-cbc', 'aes192-cbc', 'aes256-cbc', 'arcfour', 'rijndael-cbc@lysator.liu.se'] server encrypt:['aes128-ctr', 'aes192-ctr', 'aes256-ctr', 'arcfour256', 'arcfour128', 'aes128-gcm@openssh.com', 'aes256-gcm@openssh.com', 'chacha20-poly1305@openssh.com', 'aes128-cbc', '3des-cbc', 'blowfish-cbc', 'cast128-cbc', 'aes192-cbc', 'aes256-cbc', 'arcfour', 'rijndael-cbc@lysator.liu.se'] client mac:['hmac-md5-etm@openssh.com', 'hmac-sha1-etm@openssh.com', 'umac-64-etm@openssh.com', 'umac-128-etm@openssh.com', 'hmac-sha2-256-etm@openssh.com', 'hmac-sha2-512-etm@openssh.com', 'hmac-ripemd160-etm@openssh.com', 'hmac-sha1-96-etm@openssh.com', 'hmac-md5-96-etm@openssh.com', 'hmac-md5', 'hmac-sha1', 'umac-64@openssh.com', 'umac-128@openssh.com', 'hmac-sha2-256', 'hmac-sha2-512', 'hmac-ripemd160', 'hmac-ripemd160@openssh.com', 'hmac-sha1-96', 'hmac-md5-96'] server mac:['hmac-md5-etm@openssh.com', 'hmac-sha1-etm@openssh.com', 'umac-64-etm@openssh.com', 'umac-128-etm@openssh.com', 'hmac-sha2-256-etm@openssh.com', 'hmac-sha2-512-etm@openssh.com', 'hmac-ripemd160-etm@openssh.com', 'hmac-sha1-96-etm@openssh.com', 'hmac-md5-96-etm@openssh.com', 'hmac-md5', 'hmac-sha1', 'umac-64@openssh.com', 'umac-128@openssh.com', 'hmac-sha2-256', 'hmac-sha2-512', 'hmac-ripemd160', 'hmac-ripemd160@openssh.com', 'hmac-sha1-96', 'hmac-md5-96'] client compress:['none', 'zlib@openssh.com'] server compress:['none', 'zlib@openssh.com'] client lang:[''] server lang:[''] kex follows?False
DEB [20191013-21:13:32.789] thr=1   paramiko.transport: Kex agreed: curve25519-sha256@libssh.org
DEB [20191013-21:13:32.790] thr=1   paramiko.transport: HostKey agreed: ssh-ed25519
DEB [20191013-21:13:32.790] thr=1   paramiko.transport: Cipher agreed: aes128-ctr
DEB [20191013-21:13:32.791] thr=1   paramiko.transport: MAC agreed: hmac-sha2-256
DEB [20191013-21:13:32.792] thr=1   paramiko.transport: Compression agreed: none
DEB [20191013-21:13:32.905] thr=1   paramiko.transport: kex engine KexCurve25519 specified hash_algo <built-in function openssl_sha256>
DEB [20191013-21:13:32.906] thr=1   paramiko.transport: Switch to new keys ...
DEB [20191013-21:13:32.907] thr=2   paramiko.transport: Attempting password auth...
DEB [20191013-21:13:33.177] thr=1   paramiko.transport: userauth is OK
INF [20191013-21:13:33.300] thr=1   paramiko.transport: Authentication (password) successful!
DEB [20191013-21:13:33.302] thr=2   paramiko.transport: [chan 0] Max packet in: 32768 bytes
DEB [20191013-21:13:33.409] thr=1   paramiko.transport: [chan 0] Max packet out: 32768 bytes
DEB [20191013-21:13:33.410] thr=1   paramiko.transport: Secsh channel 0 opened.
DEB [20191013-21:13:33.524] thr=1   paramiko.transport: [chan 0] Sesch channel 0 request ok
INF [20191013-21:13:33.651] thr=2   paramiko.transport.sftp: [chan 0] Opened sftp connection (server version 3)
DEB [20191013-21:13:33.656] thr=2   paramiko.transport: [chan 1] Max packet in: 32768 bytes
DEB [20191013-21:13:33.768] thr=1   paramiko.transport: [chan 1] Max packet out: 32768 bytes
DEB [20191013-21:13:33.769] thr=1   paramiko.transport: Secsh channel 1 opened.
DEB [20191013-21:13:33.893] thr=1   paramiko.transport: [chan 1] Sesch channel 1 request ok
DEB [20191013-21:13:33.899] thr=1   paramiko.transport: [chan 1] EOF received (1)
DEB [20191013-21:13:33.901] thr=1   paramiko.transport: [chan 1] EOF sent (1)
DEB [20191013-21:13:33.907] thr=2   paramiko.transport: [chan 2] Max packet in: 32768 bytes
DEB [20191013-21:13:34.166] thr=1   paramiko.transport: [chan 2] Max packet out: 32768 bytes
DEB [20191013-21:13:34.167] thr=1   paramiko.transport: Secsh channel 2 opened.
DEB [20191013-21:13:34.291] thr=1   paramiko.transport: [chan 2] Sesch channel 2 request ok
DEB [20191013-21:13:34.293] thr=2   paramiko.transport: [chan 2] EOF sent (2)
DEB [20191013-21:13:34.296] thr=1   paramiko.transport: [chan 2] EOF received (2)
DEB [20191013-21:13:34.304] thr=2   paramiko.transport: [chan 3] Max packet in: 32768 bytes
DEB [20191013-21:13:34.551] thr=1   paramiko.transport: [chan 3] Max packet out: 32768 bytes
DEB [20191013-21:13:34.551] thr=1   paramiko.transport: Secsh channel 3 opened.
DEB [20191013-21:13:34.660] thr=1   paramiko.transport: [chan 3] Sesch channel 3 request ok
DEB [20191013-21:13:34.662] thr=2   paramiko.transport: [chan 3] EOF sent (3)
DEB [20191013-21:13:34.672] thr=2   paramiko.transport.sftp: [chan 0] stat(b'/app/bck.tar')
DEB [20191013-21:13:34.822] thr=1   paramiko.transport: [chan 3] EOF received (3)
DEB [20191013-21:13:34.899] thr=2   paramiko.transport.sftp: [chan 0] open(b'/app/bck.tar', 'rb')
DEB [20191013-21:13:35.179] thr=2   paramiko.transport.sftp: [chan 0] open(b'/app/bck.tar', 'rb') -> 00000000
DEB [20191013-21:14:21.902] thr=1   paramiko.transport: starting thread (client mode): 0x1dc4e088
DEB [20191013-21:14:21.903] thr=1   paramiko.transport: Local version/idstring: SSH-2.0-paramiko_2.6.0
DEB [20191013-21:14:22.024] thr=1   paramiko.transport: Remote version/idstring: SSH-2.0-OpenSSH_6.6.1p1 Ubuntu-2ubuntu2.10
INF [20191013-21:14:22.025] thr=1   paramiko.transport: Connected (version 2.0, client OpenSSH_6.6.1p1)
DEB [20191013-21:14:22.156] thr=1   paramiko.transport: kex algos:['curve25519-sha256@libssh.org', 'ecdh-sha2-nistp256', 'ecdh-sha2-nistp384', 'ecdh-sha2-nistp521', 'diffie-hellman-group-exchange-sha256', 'diffie-hellman-group-exchange-sha1', 'diffie-hellman-group14-sha1', 'diffie-hellman-group1-sha1'] server key:['ssh-rsa', 'ssh-dss', 'ecdsa-sha2-nistp256', 'ssh-ed25519'] client encrypt:['aes128-ctr', 'aes192-ctr', 'aes256-ctr', 'arcfour256', 'arcfour128', 'aes128-gcm@openssh.com', 'aes256-gcm@openssh.com', 'chacha20-poly1305@openssh.com', 'aes128-cbc', '3des-cbc', 'blowfish-cbc', 'cast128-cbc', 'aes192-cbc', 'aes256-cbc', 'arcfour', 'rijndael-cbc@lysator.liu.se'] server encrypt:['aes128-ctr', 'aes192-ctr', 'aes256-ctr', 'arcfour256', 'arcfour128', 'aes128-gcm@openssh.com', 'aes256-gcm@openssh.com', 'chacha20-poly1305@openssh.com', 'aes128-cbc', '3des-cbc', 'blowfish-cbc', 'cast128-cbc', 'aes192-cbc', 'aes256-cbc', 'arcfour', 'rijndael-cbc@lysator.liu.se'] client mac:['hmac-md5-etm@openssh.com', 'hmac-sha1-etm@openssh.com', 'umac-64-etm@openssh.com', 'umac-128-etm@openssh.com', 'hmac-sha2-256-etm@openssh.com', 'hmac-sha2-512-etm@openssh.com', 'hmac-ripemd160-etm@openssh.com', 'hmac-sha1-96-etm@openssh.com', 'hmac-md5-96-etm@openssh.com', 'hmac-md5', 'hmac-sha1', 'umac-64@openssh.com', 'umac-128@openssh.com', 'hmac-sha2-256', 'hmac-sha2-512', 'hmac-ripemd160', 'hmac-ripemd160@openssh.com', 'hmac-sha1-96', 'hmac-md5-96'] server mac:['hmac-md5-etm@openssh.com', 'hmac-sha1-etm@openssh.com', 'umac-64-etm@openssh.com', 'umac-128-etm@openssh.com', 'hmac-sha2-256-etm@openssh.com', 'hmac-sha2-512-etm@openssh.com', 'hmac-ripemd160-etm@openssh.com', 'hmac-sha1-96-etm@openssh.com', 'hmac-md5-96-etm@openssh.com', 'hmac-md5', 'hmac-sha1', 'umac-64@openssh.com', 'umac-128@openssh.com', 'hmac-sha2-256', 'hmac-sha2-512', 'hmac-ripemd160', 'hmac-ripemd160@openssh.com', 'hmac-sha1-96', 'hmac-md5-96'] client compress:['none', 'zlib@openssh.com'] server compress:['none', 'zlib@openssh.com'] client lang:[''] server lang:[''] kex follows?False
DEB [20191013-21:14:22.157] thr=1   paramiko.transport: Kex agreed: curve25519-sha256@libssh.org
DEB [20191013-21:14:22.158] thr=1   paramiko.transport: HostKey agreed: ssh-ed25519
DEB [20191013-21:14:22.159] thr=1   paramiko.transport: Cipher agreed: aes128-ctr
DEB [20191013-21:14:22.160] thr=1   paramiko.transport: MAC agreed: hmac-sha2-256
DEB [20191013-21:14:22.161] thr=1   paramiko.transport: Compression agreed: none
DEB [20191013-21:14:22.321] thr=1   paramiko.transport: kex engine KexCurve25519 specified hash_algo <built-in function openssl_sha256>
DEB [20191013-21:14:22.323] thr=1   paramiko.transport: Switch to new keys ...
DEB [20191013-21:14:22.324] thr=2   paramiko.transport: Attempting password auth...
DEB [20191013-21:14:22.597] thr=1   paramiko.transport: userauth is OK
INF [20191013-21:14:22.751] thr=1   paramiko.transport: Authentication (password) successful!
DEB [20191013-21:14:22.755] thr=2   paramiko.transport: [chan 0] Max packet in: 32768 bytes
DEB [20191013-21:14:22.860] thr=1   paramiko.transport: [chan 0] Max packet out: 32768 bytes
DEB [20191013-21:14:22.861] thr=1   paramiko.transport: Secsh channel 0 opened.
DEB [20191013-21:14:22.976] thr=1   paramiko.transport: [chan 0] Sesch channel 0 request ok
INF [20191013-21:14:23.102] thr=2   paramiko.transport.sftp: [chan 0] Opened sftp connection (server version 3)
DEB [20191013-21:14:23.104] thr=2   paramiko.transport: [chan 1] Max packet in: 32768 bytes
DEB [20191013-21:14:23.219] thr=1   paramiko.transport: [chan 1] Max packet out: 32768 bytes
DEB [20191013-21:14:23.220] thr=1   paramiko.transport: Secsh channel 1 opened.
DEB [20191013-21:14:23.332] thr=1   paramiko.transport: [chan 1] Sesch channel 1 request ok
DEB [20191013-21:14:23.339] thr=1   paramiko.transport: [chan 1] EOF received (1)
DEB [20191013-21:14:23.345] thr=1   paramiko.transport: [chan 1] EOF sent (1)
DEB [20191013-21:14:23.354] thr=2   paramiko.transport: [chan 2] Max packet in: 32768 bytes
DEB [20191013-21:14:23.608] thr=1   paramiko.transport: [chan 2] Max packet out: 32768 bytes
DEB [20191013-21:14:23.609] thr=1   paramiko.transport: Secsh channel 2 opened.
DEB [20191013-21:14:23.723] thr=1   paramiko.transport: [chan 2] Sesch channel 2 request ok
DEB [20191013-21:14:23.725] thr=2   paramiko.transport: [chan 2] EOF sent (2)
DEB [20191013-21:14:23.733] thr=1   paramiko.transport: [chan 2] EOF received (2)
DEB [20191013-21:14:23.745] thr=2   paramiko.transport: [chan 3] Max packet in: 32768 bytes
DEB [20191013-21:14:23.979] thr=1   paramiko.transport: [chan 3] Max packet out: 32768 bytes
DEB [20191013-21:14:23.979] thr=1   paramiko.transport: Secsh channel 3 opened.
DEB [20191013-21:14:24.090] thr=1   paramiko.transport: [chan 3] Sesch channel 3 request ok
DEB [20191013-21:14:24.090] thr=2   paramiko.transport: [chan 3] EOF sent (3)
DEB [20191013-21:14:24.100] thr=2   paramiko.transport.sftp: [chan 0] stat(b'/app/bck.tar')
DEB [20191013-21:14:24.270] thr=1   paramiko.transport: [chan 3] EOF received (3)
DEB [20191013-21:14:24.275] thr=2   paramiko.transport.sftp: [chan 0] open(b'/app/bck.tar', 'rb')
DEB [20191013-21:14:24.552] thr=2   paramiko.transport.sftp: [chan 0] open(b'/app/bck.tar', 'rb') -> 00000000
DEB [20191013-21:14:30.278] thr=2   paramiko.transport.sftp: [chan 0] close(00000000)
DEB [20191013-21:14:30.407] thr=2   paramiko.transport: [chan 4] Max packet in: 32768 bytes
DEB [20191013-21:14:30.532] thr=1   paramiko.transport: [chan 4] Max packet out: 32768 bytes
DEB [20191013-21:14:30.532] thr=1   paramiko.transport: Secsh channel 4 opened.
DEB [20191013-21:14:30.640] thr=1   paramiko.transport: [chan 4] Sesch channel 4 request ok
DEB [20191013-21:14:30.641] thr=2   paramiko.transport: [chan 4] EOF sent (4)
DEB [20191013-21:14:30.647] thr=2   paramiko.transport: [chan 5] Max packet in: 32768 bytes
DEB [20191013-21:14:30.651] thr=1   paramiko.transport: [chan 4] EOF received (4)
DEB [20191013-21:14:30.908] thr=1   paramiko.transport: [chan 5] Max packet out: 32768 bytes
DEB [20191013-21:14:30.908] thr=1   paramiko.transport: Secsh channel 5 opened.
DEB [20191013-21:14:31.026] thr=1   paramiko.transport: [chan 5] Sesch channel 5 request ok
DEB [20191013-21:14:31.027] thr=2   paramiko.transport: [chan 5] EOF sent (5)
DEB [20191013-21:14:31.029] thr=1   paramiko.transport: [chan 5] EOF received (5)
DEB [20191013-21:14:31.031] thr=2   paramiko.transport.sftp: [chan 0] open(b'/app/bck.tar', 'wb')
DEB [20191013-21:23:56.951] thr=1   paramiko.transport: starting thread (client mode): 0x7c17f188
DEB [20191013-21:23:56.951] thr=1   paramiko.transport: Local version/idstring: SSH-2.0-paramiko_2.6.0
DEB [20191013-21:23:57.062] thr=1   paramiko.transport: Remote version/idstring: SSH-2.0-OpenSSH_6.6.1p1 Ubuntu-2ubuntu2.10
INF [20191013-21:23:57.062] thr=1   paramiko.transport: Connected (version 2.0, client OpenSSH_6.6.1p1)
DEB [20191013-21:23:57.188] thr=1   paramiko.transport: kex algos:['curve25519-sha256@libssh.org', 'ecdh-sha2-nistp256', 'ecdh-sha2-nistp384', 'ecdh-sha2-nistp521', 'diffie-hellman-group-exchange-sha256', 'diffie-hellman-group-exchange-sha1', 'diffie-hellman-group14-sha1', 'diffie-hellman-group1-sha1'] server key:['ssh-rsa', 'ssh-dss', 'ecdsa-sha2-nistp256', 'ssh-ed25519'] client encrypt:['aes128-ctr', 'aes192-ctr', 'aes256-ctr', 'arcfour256', 'arcfour128', 'aes128-gcm@openssh.com', 'aes256-gcm@openssh.com', 'chacha20-poly1305@openssh.com', 'aes128-cbc', '3des-cbc', 'blowfish-cbc', 'cast128-cbc', 'aes192-cbc', 'aes256-cbc', 'arcfour', 'rijndael-cbc@lysator.liu.se'] server encrypt:['aes128-ctr', 'aes192-ctr', 'aes256-ctr', 'arcfour256', 'arcfour128', 'aes128-gcm@openssh.com', 'aes256-gcm@openssh.com', 'chacha20-poly1305@openssh.com', 'aes128-cbc', '3des-cbc', 'blowfish-cbc', 'cast128-cbc', 'aes192-cbc', 'aes256-cbc', 'arcfour', 'rijndael-cbc@lysator.liu.se'] client mac:['hmac-md5-etm@openssh.com', 'hmac-sha1-etm@openssh.com', 'umac-64-etm@openssh.com', 'umac-128-etm@openssh.com', 'hmac-sha2-256-etm@openssh.com', 'hmac-sha2-512-etm@openssh.com', 'hmac-ripemd160-etm@openssh.com', 'hmac-sha1-96-etm@openssh.com', 'hmac-md5-96-etm@openssh.com', 'hmac-md5', 'hmac-sha1', 'umac-64@openssh.com', 'umac-128@openssh.com', 'hmac-sha2-256', 'hmac-sha2-512', 'hmac-ripemd160', 'hmac-ripemd160@openssh.com', 'hmac-sha1-96', 'hmac-md5-96'] server mac:['hmac-md5-etm@openssh.com', 'hmac-sha1-etm@openssh.com', 'umac-64-etm@openssh.com', 'umac-128-etm@openssh.com', 'hmac-sha2-256-etm@openssh.com', 'hmac-sha2-512-etm@openssh.com', 'hmac-ripemd160-etm@openssh.com', 'hmac-sha1-96-etm@openssh.com', 'hmac-md5-96-etm@openssh.com', 'hmac-md5', 'hmac-sha1', 'umac-64@openssh.com', 'umac-128@openssh.com', 'hmac-sha2-256', 'hmac-sha2-512', 'hmac-ripemd160', 'hmac-ripemd160@openssh.com', 'hmac-sha1-96', 'hmac-md5-96'] client compress:['none', 'zlib@openssh.com'] server compress:['none', 'zlib@openssh.com'] client lang:[''] server lang:[''] kex follows?False
DEB [20191013-21:23:57.189] thr=1   paramiko.transport: Kex agreed: curve25519-sha256@libssh.org
DEB [20191013-21:23:57.189] thr=1   paramiko.transport: HostKey agreed: ssh-ed25519
DEB [20191013-21:23:57.189] thr=1   paramiko.transport: Cipher agreed: aes128-ctr
DEB [20191013-21:23:57.190] thr=1   paramiko.transport: MAC agreed: hmac-sha2-256
DEB [20191013-21:23:57.190] thr=1   paramiko.transport: Compression agreed: none
DEB [20191013-21:23:57.320] thr=1   paramiko.transport: kex engine KexCurve25519 specified hash_algo <built-in function openssl_sha256>
DEB [20191013-21:23:57.321] thr=1   paramiko.transport: Switch to new keys ...
DEB [20191013-21:23:57.322] thr=2   paramiko.transport: Attempting password auth...
DEB [20191013-21:23:57.571] thr=1   paramiko.transport: userauth is OK
INF [20191013-21:23:57.705] thr=1   paramiko.transport: Authentication (password) successful!
DEB [20191013-21:23:57.706] thr=2   paramiko.transport: [chan 0] Max packet in: 32768 bytes
DEB [20191013-21:23:57.827] thr=1   paramiko.transport: [chan 0] Max packet out: 32768 bytes
DEB [20191013-21:23:57.828] thr=1   paramiko.transport: Secsh channel 0 opened.
DEB [20191013-21:23:57.943] thr=1   paramiko.transport: [chan 0] Sesch channel 0 request ok
INF [20191013-21:23:58.051] thr=2   paramiko.transport.sftp: [chan 0] Opened sftp connection (server version 3)
DEB [20191013-21:23:58.053] thr=2   paramiko.transport: [chan 1] Max packet in: 32768 bytes
DEB [20191013-21:23:58.168] thr=1   paramiko.transport: [chan 1] Max packet out: 32768 bytes
DEB [20191013-21:23:58.168] thr=1   paramiko.transport: Secsh channel 1 opened.
DEB [20191013-21:23:58.291] thr=1   paramiko.transport: [chan 1] Sesch channel 1 request ok
DEB [20191013-21:23:58.297] thr=1   paramiko.transport: [chan 1] EOF received (1)
DEB [20191013-21:23:58.300] thr=1   paramiko.transport: [chan 1] EOF sent (1)
DEB [20191013-21:23:58.307] thr=2   paramiko.transport: [chan 2] Max packet in: 32768 bytes
DEB [20191013-21:23:58.572] thr=1   paramiko.transport: [chan 2] Max packet out: 32768 bytes
DEB [20191013-21:23:58.573] thr=1   paramiko.transport: Secsh channel 2 opened.
DEB [20191013-21:23:58.686] thr=1   paramiko.transport: [chan 2] Sesch channel 2 request ok
DEB [20191013-21:23:58.699] thr=1   paramiko.transport: [chan 2] EOF received (2)
DEB [20191013-21:23:58.700] thr=2   paramiko.transport: [chan 2] EOF sent (2)
DEB [20191013-21:23:58.708] thr=2   paramiko.transport: [chan 3] Max packet in: 32768 bytes
DEB [20191013-21:23:58.967] thr=1   paramiko.transport: [chan 3] Max packet out: 32768 bytes
DEB [20191013-21:23:58.967] thr=1   paramiko.transport: Secsh channel 3 opened.
DEB [20191013-21:23:59.074] thr=1   paramiko.transport: [chan 3] Sesch channel 3 request ok
DEB [20191013-21:23:59.177] thr=1   paramiko.transport: [chan 3] EOF received (3)
DEB [20191013-21:23:59.177] thr=2   paramiko.transport: [chan 3] EOF sent (3)
DEB [20191013-21:23:59.181] thr=2   paramiko.transport.sftp: [chan 0] stat(b'/app/bck.tar')
DEB [20191013-21:23:59.434] thr=2   paramiko.transport.sftp: [chan 0] open(b'/app/bck.tar', 'rb')
DEB [20191013-21:23:59.550] thr=2   paramiko.transport.sftp: [chan 0] open(b'/app/bck.tar', 'rb') -> 00000000
DEB [20191013-21:23:59.906] thr=2   paramiko.transport.sftp: [chan 0] close(00000000)
DEB [20191013-21:24:00.017] thr=2   paramiko.transport: [chan 4] Max packet in: 32768 bytes
DEB [20191013-21:24:00.137] thr=1   paramiko.transport: [chan 4] Max packet out: 32768 bytes
DEB [20191013-21:24:00.138] thr=1   paramiko.transport: Secsh channel 4 opened.
DEB [20191013-21:24:00.255] thr=1   paramiko.transport: [chan 4] Sesch channel 4 request ok
DEB [20191013-21:24:00.256] thr=1   paramiko.transport: [chan 4] EOF received (4)
DEB [20191013-21:24:00.257] thr=2   paramiko.transport: [chan 4] EOF sent (4)
DEB [20191013-21:24:00.261] thr=2   paramiko.transport: [chan 5] Max packet in: 32768 bytes
DEB [20191013-21:24:00.522] thr=1   paramiko.transport: [chan 5] Max packet out: 32768 bytes
DEB [20191013-21:24:00.522] thr=1   paramiko.transport: Secsh channel 5 opened.
DEB [20191013-21:24:00.645] thr=1   paramiko.transport: [chan 5] Sesch channel 5 request ok
DEB [20191013-21:24:00.650] thr=1   paramiko.transport: [chan 5] EOF received (5)
DEB [20191013-21:24:00.650] thr=2   paramiko.transport: [chan 5] EOF sent (5)
DEB [20191013-21:24:00.653] thr=2   paramiko.transport.sftp: [chan 0] open(b'/app/bck.tar', 'wb')
DEB [20191013-21:24:00.926] thr=2   paramiko.transport.sftp: [chan 0] open(b'/app/bck.tar', 'wb') -> 00000000
DEB [20191013-21:24:00.929] thr=2   paramiko.transport.sftp: [chan 0] close(00000000)
DEB [20191013-21:24:01.151] thr=2   paramiko.transport.sftp: [chan 0] stat(b'/app/bck.tar')
DEB [20191013-21:24:01.268] thr=2   paramiko.transport: [chan 6] Max packet in: 32768 bytes
DEB [20191013-21:24:01.380] thr=1   paramiko.transport: [chan 6] Max packet out: 32768 bytes
DEB [20191013-21:24:01.380] thr=1   paramiko.transport: Secsh channel 6 opened.
DEB [20191013-21:24:01.492] thr=1   paramiko.transport: [chan 6] Sesch channel 6 request ok
DEB [20191013-21:24:01.495] thr=1   paramiko.transport: [chan 6] EOF received (6)
DEB [20191013-21:24:01.496] thr=2   paramiko.transport: [chan 6] EOF sent (6)
DEB [20191013-21:24:01.501] thr=2   paramiko.transport: [chan 7] Max packet in: 32768 bytes
DEB [20191013-21:24:01.755] thr=1   paramiko.transport: [chan 7] Max packet out: 32768 bytes
DEB [20191013-21:24:01.756] thr=1   paramiko.transport: Secsh channel 7 opened.
DEB [20191013-21:24:01.864] thr=1   paramiko.transport: [chan 7] Sesch channel 7 request ok
DEB [20191013-21:24:01.867] thr=1   paramiko.transport: [chan 7] EOF received (7)
DEB [20191013-21:24:01.867] thr=2   paramiko.transport: [chan 7] EOF sent (7)
DEB [20191013-21:24:01.868] thr=1   paramiko.transport: EOF in transport thread
DEB [20191013-21:25:49.643] thr=1   paramiko.transport: starting thread (client mode): 0xb8eb9f08
DEB [20191013-21:25:49.704] thr=1   paramiko.transport: Local version/idstring: SSH-2.0-paramiko_2.6.0
DEB [20191013-21:25:49.753] thr=1   paramiko.transport: Remote version/idstring: SSH-2.0-OpenSSH_6.6.1p1 Ubuntu-2ubuntu2.10
INF [20191013-21:25:49.753] thr=1   paramiko.transport: Connected (version 2.0, client OpenSSH_6.6.1p1)
DEB [20191013-21:25:49.909] thr=1   paramiko.transport: kex algos:['curve25519-sha256@libssh.org', 'ecdh-sha2-nistp256', 'ecdh-sha2-nistp384', 'ecdh-sha2-nistp521', 'diffie-hellman-group-exchange-sha256', 'diffie-hellman-group-exchange-sha1', 'diffie-hellman-group14-sha1', 'diffie-hellman-group1-sha1'] server key:['ssh-rsa', 'ssh-dss', 'ecdsa-sha2-nistp256', 'ssh-ed25519'] client encrypt:['aes128-ctr', 'aes192-ctr', 'aes256-ctr', 'arcfour256', 'arcfour128', 'aes128-gcm@openssh.com', 'aes256-gcm@openssh.com', 'chacha20-poly1305@openssh.com', 'aes128-cbc', '3des-cbc', 'blowfish-cbc', 'cast128-cbc', 'aes192-cbc', 'aes256-cbc', 'arcfour', 'rijndael-cbc@lysator.liu.se'] server encrypt:['aes128-ctr', 'aes192-ctr', 'aes256-ctr', 'arcfour256', 'arcfour128', 'aes128-gcm@openssh.com', 'aes256-gcm@openssh.com', 'chacha20-poly1305@openssh.com', 'aes128-cbc', '3des-cbc', 'blowfish-cbc', 'cast128-cbc', 'aes192-cbc', 'aes256-cbc', 'arcfour', 'rijndael-cbc@lysator.liu.se'] client mac:['hmac-md5-etm@openssh.com', 'hmac-sha1-etm@openssh.com', 'umac-64-etm@openssh.com', 'umac-128-etm@openssh.com', 'hmac-sha2-256-etm@openssh.com', 'hmac-sha2-512-etm@openssh.com', 'hmac-ripemd160-etm@openssh.com', 'hmac-sha1-96-etm@openssh.com', 'hmac-md5-96-etm@openssh.com', 'hmac-md5', 'hmac-sha1', 'umac-64@openssh.com', 'umac-128@openssh.com', 'hmac-sha2-256', 'hmac-sha2-512', 'hmac-ripemd160', 'hmac-ripemd160@openssh.com', 'hmac-sha1-96', 'hmac-md5-96'] server mac:['hmac-md5-etm@openssh.com', 'hmac-sha1-etm@openssh.com', 'umac-64-etm@openssh.com', 'umac-128-etm@openssh.com', 'hmac-sha2-256-etm@openssh.com', 'hmac-sha2-512-etm@openssh.com', 'hmac-ripemd160-etm@openssh.com', 'hmac-sha1-96-etm@openssh.com', 'hmac-md5-96-etm@openssh.com', 'hmac-md5', 'hmac-sha1', 'umac-64@openssh.com', 'umac-128@openssh.com', 'hmac-sha2-256', 'hmac-sha2-512', 'hmac-ripemd160', 'hmac-ripemd160@openssh.com', 'hmac-sha1-96', 'hmac-md5-96'] client compress:['none', 'zlib@openssh.com'] server compress:['none', 'zlib@openssh.com'] client lang:[''] server lang:[''] kex follows?False
DEB [20191013-21:25:49.910] thr=1   paramiko.transport: Kex agreed: curve25519-sha256@libssh.org
DEB [20191013-21:25:49.910] thr=1   paramiko.transport: HostKey agreed: ssh-ed25519
DEB [20191013-21:25:49.910] thr=1   paramiko.transport: Cipher agreed: aes128-ctr
DEB [20191013-21:25:49.910] thr=1   paramiko.transport: MAC agreed: hmac-sha2-256
DEB [20191013-21:25:49.911] thr=1   paramiko.transport: Compression agreed: none
DEB [20191013-21:25:50.094] thr=1   paramiko.transport: kex engine KexCurve25519 specified hash_algo <built-in function openssl_sha256>
DEB [20191013-21:25:50.096] thr=1   paramiko.transport: Switch to new keys ...
DEB [20191013-21:25:50.099] thr=2   paramiko.transport: Attempting password auth...
DEB [20191013-21:25:50.358] thr=1   paramiko.transport: userauth is OK
INF [20191013-21:25:50.491] thr=1   paramiko.transport: Authentication (password) successful!
DEB [20191013-21:25:50.492] thr=2   paramiko.transport: [chan 0] Max packet in: 32768 bytes
DEB [20191013-21:25:50.600] thr=1   paramiko.transport: [chan 0] Max packet out: 32768 bytes
DEB [20191013-21:25:50.601] thr=1   paramiko.transport: Secsh channel 0 opened.
DEB [20191013-21:25:50.714] thr=1   paramiko.transport: [chan 0] Sesch channel 0 request ok
INF [20191013-21:25:50.819] thr=2   paramiko.transport.sftp: [chan 0] Opened sftp connection (server version 3)
DEB [20191013-21:25:50.823] thr=2   paramiko.transport: [chan 1] Max packet in: 32768 bytes
DEB [20191013-21:25:50.939] thr=1   paramiko.transport: [chan 1] Max packet out: 32768 bytes
DEB [20191013-21:25:50.939] thr=1   paramiko.transport: Secsh channel 1 opened.
DEB [20191013-21:25:51.050] thr=1   paramiko.transport: [chan 1] Sesch channel 1 request ok
DEB [20191013-21:25:51.055] thr=1   paramiko.transport: [chan 1] EOF received (1)
DEB [20191013-21:25:51.055] thr=2   paramiko.transport: [chan 1] EOF sent (1)
DEB [20191013-21:25:51.058] thr=2   paramiko.transport: [chan 2] Max packet in: 32768 bytes
DEB [20191013-21:25:51.309] thr=1   paramiko.transport: [chan 2] Max packet out: 32768 bytes
DEB [20191013-21:25:51.309] thr=1   paramiko.transport: Secsh channel 2 opened.
DEB [20191013-21:25:51.432] thr=1   paramiko.transport: [chan 2] Sesch channel 2 request ok
DEB [20191013-21:25:51.435] thr=1   paramiko.transport: [chan 2] EOF received (2)
DEB [20191013-21:25:51.438] thr=1   paramiko.transport: [chan 2] EOF sent (2)
DEB [20191013-21:25:51.447] thr=2   paramiko.transport: [chan 3] Max packet in: 32768 bytes
DEB [20191013-21:25:51.688] thr=1   paramiko.transport: [chan 3] Max packet out: 32768 bytes
DEB [20191013-21:25:51.688] thr=1   paramiko.transport: Secsh channel 3 opened.
DEB [20191013-21:25:51.799] thr=1   paramiko.transport: [chan 3] Sesch channel 3 request ok
DEB [20191013-21:25:51.803] thr=1   paramiko.transport: [chan 3] EOF received (3)
DEB [20191013-21:25:51.804] thr=2   paramiko.transport: [chan 3] EOF sent (3)
DEB [20191013-21:25:52.207] thr=1   paramiko.transport: EOF in transport thread
